[0.074s] Invoking command in '/home/winter24/gcamp_ros2_ws/build/velodyne_gazebo_plugins': CMAKE_PREFIX_PATH=${CMAKE_PREFIX_PATH}:/home/winter24/gcamp_ros2_ws/install/yolov8_ros:/home/winter24/gcamp_ros2_ws/install/tf2_web_republisher_py:/home/winter24/gcamp_ros2_ws/install/ball_tracker:/opt/ros/foxy /home/winter24/.local/bin/cmake --build /home/winter24/gcamp_ros2_ws/build/velodyne_gazebo_plugins -- -j16 -l16
[0.532s] [100%] Built target gazebo_ros_velodyne_laser
[0.551s] Invoked command in '/home/winter24/gcamp_ros2_ws/build/velodyne_gazebo_plugins' returned '0': CMAKE_PREFIX_PATH=${CMAKE_PREFIX_PATH}:/home/winter24/gcamp_ros2_ws/install/yolov8_ros:/home/winter24/gcamp_ros2_ws/install/tf2_web_republisher_py:/home/winter24/gcamp_ros2_ws/install/ball_tracker:/opt/ros/foxy /home/winter24/.local/bin/cmake --build /home/winter24/gcamp_ros2_ws/build/velodyne_gazebo_plugins -- -j16 -l16
[0.631s] Invoking command in '/home/winter24/gcamp_ros2_ws/build/velodyne_gazebo_plugins': CMAKE_PREFIX_PATH=${CMAKE_PREFIX_PATH}:/home/winter24/gcamp_ros2_ws/install/yolov8_ros:/home/winter24/gcamp_ros2_ws/install/tf2_web_republisher_py:/home/winter24/gcamp_ros2_ws/install/ball_tracker:/opt/ros/foxy /home/winter24/.local/bin/cmake --install /home/winter24/gcamp_ros2_ws/build/velodyne_gazebo_plugins
[0.684s] -- Install configuration: ""
[0.684s] -- Up-to-date: /home/winter24/gcamp_ros2_ws/install/velodyne_gazebo_plugins/share/velodyne_gazebo_plugins/environment/library_path.sh
[0.684s] -- Up-to-date: /home/winter24/gcamp_ros2_ws/install/velodyne_gazebo_plugins/share/velodyne_gazebo_plugins/environment/library_path.dsv
[0.684s] -- Up-to-date: /home/winter24/gcamp_ros2_ws/install/velodyne_gazebo_plugins/share/ament_index/resource_index/package_run_dependencies/velodyne_gazebo_plugins
[0.684s] -- Up-to-date: /home/winter24/gcamp_ros2_ws/install/velodyne_gazebo_plugins/share/ament_index/resource_index/parent_prefix_path/velodyne_gazebo_plugins
[0.684s] -- Up-to-date: /home/winter24/gcamp_ros2_ws/install/velodyne_gazebo_plugins/share/velodyne_gazebo_plugins/environment/ament_prefix_path.sh
[0.684s] -- Up-to-date: /home/winter24/gcamp_ros2_ws/install/velodyne_gazebo_plugins/share/velodyne_gazebo_plugins/environment/ament_prefix_path.dsv
[0.684s] -- Up-to-date: /home/winter24/gcamp_ros2_ws/install/velodyne_gazebo_plugins/share/velodyne_gazebo_plugins/environment/path.sh
[0.684s] -- Up-to-date: /home/winter24/gcamp_ros2_ws/install/velodyne_gazebo_plugins/share/velodyne_gazebo_plugins/environment/path.dsv
[0.685s] -- Up-to-date: /home/winter24/gcamp_ros2_ws/install/velodyne_gazebo_plugins/share/velodyne_gazebo_plugins/local_setup.bash
[0.685s] -- Up-to-date: /home/winter24/gcamp_ros2_ws/install/velodyne_gazebo_plugins/share/velodyne_gazebo_plugins/local_setup.sh
[0.685s] -- Up-to-date: /home/winter24/gcamp_ros2_ws/install/velodyne_gazebo_plugins/share/velodyne_gazebo_plugins/local_setup.zsh
[0.685s] -- Up-to-date: /home/winter24/gcamp_ros2_ws/install/velodyne_gazebo_plugins/share/velodyne_gazebo_plugins/local_setup.dsv
[0.685s] -- Installing: /home/winter24/gcamp_ros2_ws/install/velodyne_gazebo_plugins/share/velodyne_gazebo_plugins/package.dsv
[0.685s] -- Up-to-date: /home/winter24/gcamp_ros2_ws/install/velodyne_gazebo_plugins/share/ament_index/resource_index/packages/velodyne_gazebo_plugins
[0.685s] -- Up-to-date: /home/winter24/gcamp_ros2_ws/install/velodyne_gazebo_plugins/share/velodyne_gazebo_plugins/cmake/ament_cmake_export_libraries-extras.cmake
[0.685s] -- Up-to-date: /home/winter24/gcamp_ros2_ws/install/velodyne_gazebo_plugins/share/velodyne_gazebo_plugins/cmake/ament_cmake_export_include_directories-extras.cmake
[0.686s] -- Up-to-date: /home/winter24/gcamp_ros2_ws/install/velodyne_gazebo_plugins/share/velodyne_gazebo_plugins/cmake/ament_cmake_export_dependencies-extras.cmake
[0.686s] -- Up-to-date: /home/winter24/gcamp_ros2_ws/install/velodyne_gazebo_plugins/share/velodyne_gazebo_plugins/cmake/velodyne_gazebo_pluginsConfig.cmake
[0.686s] -- Up-to-date: /home/winter24/gcamp_ros2_ws/install/velodyne_gazebo_plugins/share/velodyne_gazebo_plugins/cmake/velodyne_gazebo_pluginsConfig-version.cmake
[0.686s] -- Up-to-date: /home/winter24/gcamp_ros2_ws/install/velodyne_gazebo_plugins/share/velodyne_gazebo_plugins/package.xml
[0.686s] -- Up-to-date: /home/winter24/gcamp_ros2_ws/install/velodyne_gazebo_plugins/include
[0.686s] -- Up-to-date: /home/winter24/gcamp_ros2_ws/install/velodyne_gazebo_plugins/include/velodyne_gazebo_plugins
[0.686s] -- Up-to-date: /home/winter24/gcamp_ros2_ws/install/velodyne_gazebo_plugins/include/velodyne_gazebo_plugins/GazeboRosVelodyneLaser.h
[0.686s] -- Up-to-date: /home/winter24/gcamp_ros2_ws/install/velodyne_gazebo_plugins/lib/libgazebo_ros_velodyne_laser.so
[0.730s] Invoked command in '/home/winter24/gcamp_ros2_ws/build/velodyne_gazebo_plugins' returned '0': CMAKE_PREFIX_PATH=${CMAKE_PREFIX_PATH}:/home/winter24/gcamp_ros2_ws/install/yolov8_ros:/home/winter24/gcamp_ros2_ws/install/tf2_web_republisher_py:/home/winter24/gcamp_ros2_ws/install/ball_tracker:/opt/ros/foxy /home/winter24/.local/bin/cmake --install /home/winter24/gcamp_ros2_ws/build/velodyne_gazebo_plugins
