[0.313s] Invoking command in '/home/winter24/gcamp_ros2_ws/build/gazebo_mecanum_plugins': CMAKE_PREFIX_PATH=${CMAKE_PREFIX_PATH}:/home/winter24/gcamp_ros2_ws/install/yolov8_ros:/home/winter24/gcamp_ros2_ws/install/tf2_web_republisher_py:/home/winter24/gcamp_ros2_ws/install/ball_tracker:/opt/ros/foxy /home/winter24/.local/bin/cmake --build /home/winter24/gcamp_ros2_ws/build/gazebo_mecanum_plugins -- -j16 -l16
[0.490s] [ 50%] Built target gazebo_mecanum_drive
[0.490s] [100%] Built target gazebo_mecanum_pid_drive
[0.507s] Invoked command in '/home/winter24/gcamp_ros2_ws/build/gazebo_mecanum_plugins' returned '0': CMAKE_PREFIX_PATH=${CMAKE_PREFIX_PATH}:/home/winter24/gcamp_ros2_ws/install/yolov8_ros:/home/winter24/gcamp_ros2_ws/install/tf2_web_republisher_py:/home/winter24/gcamp_ros2_ws/install/ball_tracker:/opt/ros/foxy /home/winter24/.local/bin/cmake --build /home/winter24/gcamp_ros2_ws/build/gazebo_mecanum_plugins -- -j16 -l16
[0.593s] Invoking command in '/home/winter24/gcamp_ros2_ws/build/gazebo_mecanum_plugins': CMAKE_PREFIX_PATH=${CMAKE_PREFIX_PATH}:/home/winter24/gcamp_ros2_ws/install/yolov8_ros:/home/winter24/gcamp_ros2_ws/install/tf2_web_republisher_py:/home/winter24/gcamp_ros2_ws/install/ball_tracker:/opt/ros/foxy /home/winter24/.local/bin/cmake --install /home/winter24/gcamp_ros2_ws/build/gazebo_mecanum_plugins
[0.725s] -- Install configuration: ""
[0.726s] -- Up-to-date: /home/winter24/gcamp_ros2_ws/install/gazebo_mecanum_plugins/share/ament_index/resource_index/package_run_dependencies/gazebo_mecanum_plugins
[0.726s] -- Up-to-date: /home/winter24/gcamp_ros2_ws/install/gazebo_mecanum_plugins/share/ament_index/resource_index/parent_prefix_path/gazebo_mecanum_plugins
[0.727s] -- Up-to-date: /home/winter24/gcamp_ros2_ws/install/gazebo_mecanum_plugins/share/gazebo_mecanum_plugins/environment/ament_prefix_path.sh
[0.727s] -- Up-to-date: /home/winter24/gcamp_ros2_ws/install/gazebo_mecanum_plugins/share/gazebo_mecanum_plugins/environment/ament_prefix_path.dsv
[0.727s] -- Up-to-date: /home/winter24/gcamp_ros2_ws/install/gazebo_mecanum_plugins/share/gazebo_mecanum_plugins/environment/path.sh
[0.727s] -- Up-to-date: /home/winter24/gcamp_ros2_ws/install/gazebo_mecanum_plugins/share/gazebo_mecanum_plugins/environment/path.dsv
[0.727s] -- Up-to-date: /home/winter24/gcamp_ros2_ws/install/gazebo_mecanum_plugins/share/gazebo_mecanum_plugins/local_setup.bash
[0.727s] -- Up-to-date: /home/winter24/gcamp_ros2_ws/install/gazebo_mecanum_plugins/share/gazebo_mecanum_plugins/local_setup.sh
[0.728s] -- Up-to-date: /home/winter24/gcamp_ros2_ws/install/gazebo_mecanum_plugins/share/gazebo_mecanum_plugins/local_setup.zsh
[0.728s] -- Up-to-date: /home/winter24/gcamp_ros2_ws/install/gazebo_mecanum_plugins/share/gazebo_mecanum_plugins/local_setup.dsv
[0.728s] -- Installing: /home/winter24/gcamp_ros2_ws/install/gazebo_mecanum_plugins/share/gazebo_mecanum_plugins/package.dsv
[0.728s] -- Up-to-date: /home/winter24/gcamp_ros2_ws/install/gazebo_mecanum_plugins/share/ament_index/resource_index/packages/gazebo_mecanum_plugins
[0.728s] -- Up-to-date: /home/winter24/gcamp_ros2_ws/install/gazebo_mecanum_plugins/share/gazebo_mecanum_plugins/cmake/gazebo_mecanum_pluginsConfig.cmake
[0.729s] -- Up-to-date: /home/winter24/gcamp_ros2_ws/install/gazebo_mecanum_plugins/share/gazebo_mecanum_plugins/cmake/gazebo_mecanum_pluginsConfig-version.cmake
[0.730s] -- Up-to-date: /home/winter24/gcamp_ros2_ws/install/gazebo_mecanum_plugins/share/gazebo_mecanum_plugins/package.xml
[0.730s] -- Up-to-date: /home/winter24/gcamp_ros2_ws/install/gazebo_mecanum_plugins/include
[0.731s] -- Up-to-date: /home/winter24/gcamp_ros2_ws/install/gazebo_mecanum_plugins/include/gazebo_mecanum_plugins
[0.732s] -- Up-to-date: /home/winter24/gcamp_ros2_ws/install/gazebo_mecanum_plugins/include/gazebo_mecanum_plugins/gazebo_mecanum_drive_private.h
[0.732s] -- Up-to-date: /home/winter24/gcamp_ros2_ws/install/gazebo_mecanum_plugins/include/gazebo_mecanum_plugins/gazebo_mecanum_drive.h
[0.732s] -- Up-to-date: /home/winter24/gcamp_ros2_ws/install/gazebo_mecanum_plugins/lib/libgazebo_mecanum_drive.so
[0.732s] -- Up-to-date: /home/winter24/gcamp_ros2_ws/install/gazebo_mecanum_plugins/lib/libgazebo_mecanum_pid_drive.so
[0.732s] -- Up-to-date: /home/winter24/gcamp_ros2_ws/install/gazebo_mecanum_plugins/share/gazebo_mecanum_plugins/
[0.770s] Invoked command in '/home/winter24/gcamp_ros2_ws/build/gazebo_mecanum_plugins' returned '0': CMAKE_PREFIX_PATH=${CMAKE_PREFIX_PATH}:/home/winter24/gcamp_ros2_ws/install/yolov8_ros:/home/winter24/gcamp_ros2_ws/install/tf2_web_republisher_py:/home/winter24/gcamp_ros2_ws/install/ball_tracker:/opt/ros/foxy /home/winter24/.local/bin/cmake --install /home/winter24/gcamp_ros2_ws/build/gazebo_mecanum_plugins
