[0.943s] Invoking command in '/home/winter24/gcamp_ros2_ws/ball_tracker': PYTHONPATH=/home/winter24/gcamp_ros2_ws/build/ball_tracker/prefix_override:/home/winter24/gcamp_ros2_ws/install/ball_tracker/lib/python3.8/site-packages:${PYTHONPATH} /usr/bin/python3 -W ignore:setup.py install is deprecated setup.py egg_info --egg-base ../build/ball_tracker build --build-base /home/winter24/gcamp_ros2_ws/build/ball_tracker/build install --record /home/winter24/gcamp_ros2_ws/build/ball_tracker/install.log --install-scripts $base/lib/ball_tracker --single-version-externally-managed install_data
[1.068s] running egg_info
[1.070s] writing ../build/ball_tracker/ball_tracker.egg-info/PKG-INFO
[1.070s] writing dependency_links to ../build/ball_tracker/ball_tracker.egg-info/dependency_links.txt
[1.070s] writing entry points to ../build/ball_tracker/ball_tracker.egg-info/entry_points.txt
[1.070s] writing requirements to ../build/ball_tracker/ball_tracker.egg-info/requires.txt
[1.070s] writing top-level names to ../build/ball_tracker/ball_tracker.egg-info/top_level.txt
[1.093s] reading manifest file '../build/ball_tracker/ball_tracker.egg-info/SOURCES.txt'
[1.094s] writing manifest file '../build/ball_tracker/ball_tracker.egg-info/SOURCES.txt'
[1.094s] running build
[1.094s] running build_py
[1.094s] running install
[1.096s] running install_lib
[1.100s] running install_data
[1.100s] running install_egg_info
[1.100s] removing '/home/winter24/gcamp_ros2_ws/install/ball_tracker/lib/python3.8/site-packages/ball_tracker-0.0.0-py3.8.egg-info' (and everything under it)
[1.100s] Copying ../build/ball_tracker/ball_tracker.egg-info to /home/winter24/gcamp_ros2_ws/install/ball_tracker/lib/python3.8/site-packages/ball_tracker-0.0.0-py3.8.egg-info
[1.100s] running install_scripts
[1.109s] Installing detect_ball script to /home/winter24/gcamp_ros2_ws/install/ball_tracker/lib/ball_tracker
[1.109s] Installing detect_ball_3d script to /home/winter24/gcamp_ros2_ws/install/ball_tracker/lib/ball_tracker
[1.109s] Installing follow_ball script to /home/winter24/gcamp_ros2_ws/install/ball_tracker/lib/ball_tracker
[1.109s] writing list of installed files to '/home/winter24/gcamp_ros2_ws/build/ball_tracker/install.log'
[1.130s] Invoked command in '/home/winter24/gcamp_ros2_ws/ball_tracker' returned '0': PYTHONPATH=/home/winter24/gcamp_ros2_ws/build/ball_tracker/prefix_override:/home/winter24/gcamp_ros2_ws/install/ball_tracker/lib/python3.8/site-packages:${PYTHONPATH} /usr/bin/python3 -W ignore:setup.py install is deprecated setup.py egg_info --egg-base ../build/ball_tracker build --build-base /home/winter24/gcamp_ros2_ws/build/ball_tracker/build install --record /home/winter24/gcamp_ros2_ws/build/ball_tracker/install.log --install-scripts $base/lib/ball_tracker --single-version-externally-managed install_data
