[0.306s] Invoking command in '/home/winter24/gcamp_ros2_ws/build/lio_sam': CMAKE_PREFIX_PATH=${CMAKE_PREFIX_PATH}:/home/winter24/gcamp_ros2_ws/install/yolov8_ros:/home/winter24/gcamp_ros2_ws/install/tf2_web_republisher_py:/home/winter24/gcamp_ros2_ws/install/ball_tracker:/opt/ros/foxy /home/winter24/.local/bin/cmake --build /home/winter24/gcamp_ros2_ws/build/lio_sam -- -j16 -l16
[0.515s] [  2%] Built target lio_sam__cpp
[0.515s] [ 10%] Built target lio_sam__rosidl_generator_c
[0.515s] [ 19%] Built target lio_sam__rosidl_typesupport_cpp
[0.516s] [ 27%] Built target lio_sam__rosidl_typesupport_introspection_c
[0.516s] [ 36%] Built target lio_sam__rosidl_typesupport_c
[0.516s] [ 44%] Built target lio_sam__rosidl_typesupport_introspection_cpp
[0.516s] [ 53%] Built target lio_sam__rosidl_typesupport_fastrtps_cpp
[0.516s] [ 61%] Built target lio_sam__rosidl_typesupport_fastrtps_c
[0.517s] [ 61%] Built target lio_sam
[0.518s] [ 63%] Built target lio_sam__py
[0.518s] [ 70%] Built target lio_sam__python
[0.518s] [ 74%] Built target lio_sam__rosidl_typesupport_fastrtps_c__pyext
[0.519s] [ 78%] Built target lio_sam_mapOptimization
[0.519s] [ 82%] Built target lio_sam_featureExtraction
[0.520s] [ 87%] Built target lio_sam__rosidl_typesupport_c__pyext
[0.521s] [ 91%] Built target lio_sam__rosidl_typesupport_introspection_c__pyext
[0.521s] [ 95%] Built target lio_sam_imuPreintegration
[0.522s] [100%] Built target lio_sam_imageProjection
[0.544s] Invoked command in '/home/winter24/gcamp_ros2_ws/build/lio_sam' returned '0': CMAKE_PREFIX_PATH=${CMAKE_PREFIX_PATH}:/home/winter24/gcamp_ros2_ws/install/yolov8_ros:/home/winter24/gcamp_ros2_ws/install/tf2_web_republisher_py:/home/winter24/gcamp_ros2_ws/install/ball_tracker:/opt/ros/foxy /home/winter24/.local/bin/cmake --build /home/winter24/gcamp_ros2_ws/build/lio_sam -- -j16 -l16
[0.772s] Invoking command in '/home/winter24/gcamp_ros2_ws/build/lio_sam': CMAKE_PREFIX_PATH=${CMAKE_PREFIX_PATH}:/home/winter24/gcamp_ros2_ws/install/yolov8_ros:/home/winter24/gcamp_ros2_ws/install/tf2_web_republisher_py:/home/winter24/gcamp_ros2_ws/install/ball_tracker:/opt/ros/foxy /home/winter24/.local/bin/cmake --install /home/winter24/gcamp_ros2_ws/build/lio_sam
[0.778s] -- Install configuration: "Release"
[0.778s] -- Up-to-date: /home/winter24/gcamp_ros2_ws/install/lio_sam/share/ament_index/resource_index/rosidl_interfaces/lio_sam
[0.778s] -- Up-to-date: /home/winter24/gcamp_ros2_ws/install/lio_sam/include/lio_sam
[0.778s] -- Up-to-date: /home/winter24/gcamp_ros2_ws/install/lio_sam/include/lio_sam/srv
[0.778s] -- Up-to-date: /home/winter24/gcamp_ros2_ws/install/lio_sam/include/lio_sam/srv/save_map.h
[0.778s] -- Up-to-date: /home/winter24/gcamp_ros2_ws/install/lio_sam/include/lio_sam/srv/detail
[0.779s] -- Up-to-date: /home/winter24/gcamp_ros2_ws/install/lio_sam/include/lio_sam/srv/detail/save_map__struct.h
[0.779s] -- Up-to-date: /home/winter24/gcamp_ros2_ws/install/lio_sam/include/lio_sam/srv/detail/save_map__functions.c
[0.779s] -- Up-to-date: /home/winter24/gcamp_ros2_ws/install/lio_sam/include/lio_sam/srv/detail/save_map__type_support.h
[0.779s] -- Up-to-date: /home/winter24/gcamp_ros2_ws/install/lio_sam/include/lio_sam/srv/detail/save_map__functions.h
[0.779s] -- Up-to-date: /home/winter24/gcamp_ros2_ws/install/lio_sam/include/lio_sam/msg
[0.779s] -- Up-to-date: /home/winter24/gcamp_ros2_ws/install/lio_sam/include/lio_sam/msg/cloud_info.h
[0.779s] -- Up-to-date: /home/winter24/gcamp_ros2_ws/install/lio_sam/include/lio_sam/msg/rosidl_generator_c__visibility_control.h
[0.780s] -- Up-to-date: /home/winter24/gcamp_ros2_ws/install/lio_sam/include/lio_sam/msg/detail
[0.780s] -- Up-to-date: /home/winter24/gcamp_ros2_ws/install/lio_sam/include/lio_sam/msg/detail/cloud_info__struct.h
[0.780s] -- Up-to-date: /home/winter24/gcamp_ros2_ws/install/lio_sam/include/lio_sam/msg/detail/cloud_info__functions.h
[0.781s] -- Up-to-date: /home/winter24/gcamp_ros2_ws/install/lio_sam/include/lio_sam/msg/detail/cloud_info__type_support.h
[0.781s] -- Up-to-date: /home/winter24/gcamp_ros2_ws/install/lio_sam/include/lio_sam/msg/detail/cloud_info__functions.c
[0.781s] -- Up-to-date: /home/winter24/gcamp_ros2_ws/install/lio_sam/share/lio_sam/environment/library_path.sh
[0.781s] -- Up-to-date: /home/winter24/gcamp_ros2_ws/install/lio_sam/share/lio_sam/environment/library_path.dsv
[0.781s] -- Up-to-date: /home/winter24/gcamp_ros2_ws/install/lio_sam/lib/liblio_sam__rosidl_generator_c.so
[0.782s] -- Up-to-date: /home/winter24/gcamp_ros2_ws/install/lio_sam/include/lio_sam
[0.783s] -- Up-to-date: /home/winter24/gcamp_ros2_ws/install/lio_sam/include/lio_sam/srv
[0.783s] -- Up-to-date: /home/winter24/gcamp_ros2_ws/install/lio_sam/include/lio_sam/srv/detail
[0.783s] -- Up-to-date: /home/winter24/gcamp_ros2_ws/install/lio_sam/include/lio_sam/srv/detail/save_map__rosidl_typesupport_fastrtps_c.h
[0.783s] -- Up-to-date: /home/winter24/gcamp_ros2_ws/install/lio_sam/include/lio_sam/msg
[0.784s] -- Up-to-date: /home/winter24/gcamp_ros2_ws/install/lio_sam/include/lio_sam/msg/rosidl_typesupport_fastrtps_c__visibility_control.h
[0.784s] -- Up-to-date: /home/winter24/gcamp_ros2_ws/install/lio_sam/include/lio_sam/msg/detail
[0.784s] -- Up-to-date: /home/winter24/gcamp_ros2_ws/install/lio_sam/include/lio_sam/msg/detail/cloud_info__rosidl_typesupport_fastrtps_c.h
[0.784s] -- Up-to-date: /home/winter24/gcamp_ros2_ws/install/lio_sam/lib/liblio_sam__rosidl_typesupport_fastrtps_c.so
[0.785s] -- Up-to-date: /home/winter24/gcamp_ros2_ws/install/lio_sam/include/lio_sam
[0.785s] -- Up-to-date: /home/winter24/gcamp_ros2_ws/install/lio_sam/include/lio_sam/srv
[0.785s] -- Up-to-date: /home/winter24/gcamp_ros2_ws/install/lio_sam/include/lio_sam/srv/detail
[0.785s] -- Up-to-date: /home/winter24/gcamp_ros2_ws/install/lio_sam/include/lio_sam/srv/detail/save_map__rosidl_typesupport_fastrtps_cpp.hpp
[0.785s] -- Up-to-date: /home/winter24/gcamp_ros2_ws/install/lio_sam/include/lio_sam/srv/detail/dds_fastrtps
[0.786s] -- Up-to-date: /home/winter24/gcamp_ros2_ws/install/lio_sam/include/lio_sam/msg
[0.786s] -- Up-to-date: /home/winter24/gcamp_ros2_ws/install/lio_sam/include/lio_sam/msg/detail
[0.786s] -- Up-to-date: /home/winter24/gcamp_ros2_ws/install/lio_sam/include/lio_sam/msg/detail/dds_fastrtps
[0.788s] -- Up-to-date: /home/winter24/gcamp_ros2_ws/install/lio_sam/include/lio_sam/msg/detail/cloud_info__rosidl_typesupport_fastrtps_cpp.hpp
[0.788s] -- Up-to-date: /home/winter24/gcamp_ros2_ws/install/lio_sam/include/lio_sam/msg/rosidl_typesupport_fastrtps_cpp__visibility_control.h
[0.790s] -- Up-to-date: /home/winter24/gcamp_ros2_ws/install/lio_sam/lib/liblio_sam__rosidl_typesupport_fastrtps_cpp.so
[0.790s] -- Up-to-date: /home/winter24/gcamp_ros2_ws/install/lio_sam/include/lio_sam
[0.791s] -- Up-to-date: /home/winter24/gcamp_ros2_ws/install/lio_sam/include/lio_sam/srv
[0.792s] -- Up-to-date: /home/winter24/gcamp_ros2_ws/install/lio_sam/include/lio_sam/srv/detail
[0.792s] -- Up-to-date: /home/winter24/gcamp_ros2_ws/install/lio_sam/include/lio_sam/srv/detail/save_map__type_support.c
[0.792s] -- Up-to-date: /home/winter24/gcamp_ros2_ws/install/lio_sam/include/lio_sam/srv/detail/save_map__rosidl_typesupport_introspection_c.h
[0.792s] -- Up-to-date: /home/winter24/gcamp_ros2_ws/install/lio_sam/include/lio_sam/msg
[0.792s] -- Up-to-date: /home/winter24/gcamp_ros2_ws/install/lio_sam/include/lio_sam/msg/rosidl_typesupport_introspection_c__visibility_control.h
[0.793s] -- Up-to-date: /home/winter24/gcamp_ros2_ws/install/lio_sam/include/lio_sam/msg/detail
[0.793s] -- Up-to-date: /home/winter24/gcamp_ros2_ws/install/lio_sam/include/lio_sam/msg/detail/cloud_info__type_support.c
[0.793s] -- Up-to-date: /home/winter24/gcamp_ros2_ws/install/lio_sam/include/lio_sam/msg/detail/cloud_info__rosidl_typesupport_introspection_c.h
[0.793s] -- Up-to-date: /home/winter24/gcamp_ros2_ws/install/lio_sam/lib/liblio_sam__rosidl_typesupport_introspection_c.so
[0.793s] -- Up-to-date: /home/winter24/gcamp_ros2_ws/install/lio_sam/lib/liblio_sam__rosidl_typesupport_c.so
[0.793s] -- Up-to-date: /home/winter24/gcamp_ros2_ws/install/lio_sam/include/lio_sam
[0.793s] -- Up-to-date: /home/winter24/gcamp_ros2_ws/install/lio_sam/include/lio_sam/srv
[0.793s] -- Up-to-date: /home/winter24/gcamp_ros2_ws/install/lio_sam/include/lio_sam/srv/save_map.hpp
[0.794s] -- Up-to-date: /home/winter24/gcamp_ros2_ws/install/lio_sam/include/lio_sam/srv/detail
[0.794s] -- Up-to-date: /home/winter24/gcamp_ros2_ws/install/lio_sam/include/lio_sam/srv/detail/save_map__builder.hpp
[0.794s] -- Up-to-date: /home/winter24/gcamp_ros2_ws/install/lio_sam/include/lio_sam/srv/detail/save_map__struct.hpp
[0.795s] -- Up-to-date: /home/winter24/gcamp_ros2_ws/install/lio_sam/include/lio_sam/srv/detail/save_map__traits.hpp
[0.795s] -- Up-to-date: /home/winter24/gcamp_ros2_ws/install/lio_sam/include/lio_sam/srv/detail/save_map__type_support.hpp
[0.795s] -- Up-to-date: /home/winter24/gcamp_ros2_ws/install/lio_sam/include/lio_sam/msg
[0.796s] -- Up-to-date: /home/winter24/gcamp_ros2_ws/install/lio_sam/include/lio_sam/msg/cloud_info.hpp
[0.796s] -- Up-to-date: /home/winter24/gcamp_ros2_ws/install/lio_sam/include/lio_sam/msg/detail
[0.796s] -- Up-to-date: /home/winter24/gcamp_ros2_ws/install/lio_sam/include/lio_sam/msg/detail/cloud_info__builder.hpp
[0.797s] -- Up-to-date: /home/winter24/gcamp_ros2_ws/install/lio_sam/include/lio_sam/msg/detail/cloud_info__struct.hpp
[0.797s] -- Up-to-date: /home/winter24/gcamp_ros2_ws/install/lio_sam/include/lio_sam/msg/detail/cloud_info__type_support.hpp
[0.798s] -- Up-to-date: /home/winter24/gcamp_ros2_ws/install/lio_sam/include/lio_sam/msg/detail/cloud_info__traits.hpp
[0.798s] -- Up-to-date: /home/winter24/gcamp_ros2_ws/install/lio_sam/include/lio_sam/msg/rosidl_generator_cpp__visibility_control.hpp
[0.798s] -- Up-to-date: /home/winter24/gcamp_ros2_ws/install/lio_sam/include/lio_sam
[0.798s] -- Up-to-date: /home/winter24/gcamp_ros2_ws/install/lio_sam/include/lio_sam/srv
[0.799s] -- Up-to-date: /home/winter24/gcamp_ros2_ws/install/lio_sam/include/lio_sam/srv/detail
[0.799s] -- Up-to-date: /home/winter24/gcamp_ros2_ws/install/lio_sam/include/lio_sam/srv/detail/save_map__type_support.cpp
[0.799s] -- Up-to-date: /home/winter24/gcamp_ros2_ws/install/lio_sam/include/lio_sam/srv/detail/save_map__rosidl_typesupport_introspection_cpp.hpp
[0.799s] -- Up-to-date: /home/winter24/gcamp_ros2_ws/install/lio_sam/include/lio_sam/msg
[0.800s] -- Up-to-date: /home/winter24/gcamp_ros2_ws/install/lio_sam/include/lio_sam/msg/detail
[0.800s] -- Up-to-date: /home/winter24/gcamp_ros2_ws/install/lio_sam/include/lio_sam/msg/detail/cloud_info__rosidl_typesupport_introspection_cpp.hpp
[0.800s] -- Up-to-date: /home/winter24/gcamp_ros2_ws/install/lio_sam/include/lio_sam/msg/detail/cloud_info__type_support.cpp
[0.800s] -- Up-to-date: /home/winter24/gcamp_ros2_ws/install/lio_sam/lib/liblio_sam__rosidl_typesupport_introspection_cpp.so
[0.800s] -- Up-to-date: /home/winter24/gcamp_ros2_ws/install/lio_sam/lib/liblio_sam__rosidl_typesupport_cpp.so
[0.801s] -- Up-to-date: /home/winter24/gcamp_ros2_ws/install/lio_sam/share/lio_sam/environment/pythonpath.sh
[0.801s] -- Up-to-date: /home/winter24/gcamp_ros2_ws/install/lio_sam/share/lio_sam/environment/pythonpath.dsv
[0.801s] -- Up-to-date: /home/winter24/gcamp_ros2_ws/install/lio_sam/lib/python3.8/site-packages/lio_sam/__init__.py
[0.803s] -- Up-to-date: /home/winter24/gcamp_ros2_ws/install/lio_sam/lib/python3.8/site-packages/lio_sam/msg
[0.803s] -- Up-to-date: /home/winter24/gcamp_ros2_ws/install/lio_sam/lib/python3.8/site-packages/lio_sam/msg/_cloud_info_s.c
[0.803s] -- Up-to-date: /home/winter24/gcamp_ros2_ws/install/lio_sam/lib/python3.8/site-packages/lio_sam/msg/_cloud_info.py
[0.803s] -- Up-to-date: /home/winter24/gcamp_ros2_ws/install/lio_sam/lib/python3.8/site-packages/lio_sam/msg/__init__.py
[0.803s] -- Up-to-date: /home/winter24/gcamp_ros2_ws/install/lio_sam/lib/python3.8/site-packages/lio_sam/srv
[0.804s] -- Up-to-date: /home/winter24/gcamp_ros2_ws/install/lio_sam/lib/python3.8/site-packages/lio_sam/srv/_save_map_s.c
[0.805s] -- Up-to-date: /home/winter24/gcamp_ros2_ws/install/lio_sam/lib/python3.8/site-packages/lio_sam/srv/_save_map.py
[0.805s] -- Up-to-date: /home/winter24/gcamp_ros2_ws/install/lio_sam/lib/python3.8/site-packages/lio_sam/srv/__init__.py
[0.805s] -- Up-to-date: /home/winter24/gcamp_ros2_ws/install/lio_sam/lib/python3.8/site-packages/lio_sam/lio_sam_s__rosidl_typesupport_fastrtps_c.cpython-38-x86_64-linux-gnu.so
[0.806s] -- Up-to-date: /home/winter24/gcamp_ros2_ws/install/lio_sam/lib/python3.8/site-packages/lio_sam/lio_sam_s__rosidl_typesupport_introspection_c.cpython-38-x86_64-linux-gnu.so
[0.806s] -- Up-to-date: /home/winter24/gcamp_ros2_ws/install/lio_sam/lib/python3.8/site-packages/lio_sam/lio_sam_s__rosidl_typesupport_c.cpython-38-x86_64-linux-gnu.so
[0.806s] -- Up-to-date: /home/winter24/gcamp_ros2_ws/install/lio_sam/lib/liblio_sam__python.so
[0.806s] -- Up-to-date: /home/winter24/gcamp_ros2_ws/install/lio_sam/share/lio_sam/msg/CloudInfo.idl
[0.806s] -- Up-to-date: /home/winter24/gcamp_ros2_ws/install/lio_sam/share/lio_sam/srv/SaveMap.idl
[0.806s] -- Up-to-date: /home/winter24/gcamp_ros2_ws/install/lio_sam/share/lio_sam/msg/CloudInfo.msg
[0.806s] -- Up-to-date: /home/winter24/gcamp_ros2_ws/install/lio_sam/share/lio_sam/srv/SaveMap.srv
[0.806s] -- Up-to-date: /home/winter24/gcamp_ros2_ws/install/lio_sam/share/lio_sam/srv/SaveMap_Request.msg
[0.806s] -- Up-to-date: /home/winter24/gcamp_ros2_ws/install/lio_sam/share/lio_sam/srv/SaveMap_Response.msg
[0.807s] -- Up-to-date: /home/winter24/gcamp_ros2_ws/install/lio_sam/share/lio_sam//launch
[0.807s] -- Up-to-date: /home/winter24/gcamp_ros2_ws/install/lio_sam/share/lio_sam//launch/run.launch.py
[0.807s] -- Up-to-date: /home/winter24/gcamp_ros2_ws/install/lio_sam/share/lio_sam//config
[0.807s] -- Up-to-date: /home/winter24/gcamp_ros2_ws/install/lio_sam/share/lio_sam//config/params.yaml
[0.808s] -- Up-to-date: /home/winter24/gcamp_ros2_ws/install/lio_sam/share/lio_sam//config/robot.urdf.xacro
[0.808s] -- Up-to-date: /home/winter24/gcamp_ros2_ws/install/lio_sam/share/lio_sam//config/rviz2.rviz
[0.808s] -- Up-to-date: /home/winter24/gcamp_ros2_ws/install/lio_sam/share/lio_sam//config/doc
[0.808s] -- Up-to-date: /home/winter24/gcamp_ros2_ws/install/lio_sam/share/lio_sam//config/doc/device-hand-2.png
[0.809s] -- Up-to-date: /home/winter24/gcamp_ros2_ws/install/lio_sam/share/lio_sam//config/doc/loop-closure.gif
[0.809s] -- Up-to-date: /home/winter24/gcamp_ros2_ws/install/lio_sam/share/lio_sam//config/doc/kitti2bag
[0.810s] -- Up-to-date: /home/winter24/gcamp_ros2_ws/install/lio_sam/share/lio_sam//config/doc/kitti2bag/kitti2bag.py
[0.810s] -- Up-to-date: /home/winter24/gcamp_ros2_ws/install/lio_sam/share/lio_sam//config/doc/kitti2bag/README.md
[0.811s] -- Up-to-date: /home/winter24/gcamp_ros2_ws/install/lio_sam/share/lio_sam//config/doc/kitti-map.png
[0.811s] -- Up-to-date: /home/winter24/gcamp_ros2_ws/install/lio_sam/share/lio_sam//config/doc/device-boat.png
[0.811s] -- Up-to-date: /home/winter24/gcamp_ros2_ws/install/lio_sam/share/lio_sam//config/doc/loop-closure-2.gif
[0.811s] -- Up-to-date: /home/winter24/gcamp_ros2_ws/install/lio_sam/share/lio_sam//config/doc/kitti-demo.gif
[0.812s] -- Up-to-date: /home/winter24/gcamp_ros2_ws/install/lio_sam/share/lio_sam//config/doc/imu-transform.png
[0.812s] -- Up-to-date: /home/winter24/gcamp_ros2_ws/install/lio_sam/share/lio_sam//config/doc/system.png
[0.812s] -- Up-to-date: /home/winter24/gcamp_ros2_ws/install/lio_sam/share/lio_sam//config/doc/ouster-device.jpg
[0.812s] -- Up-to-date: /home/winter24/gcamp_ros2_ws/install/lio_sam/share/lio_sam//config/doc/paper.pdf
[0.813s] -- Up-to-date: /home/winter24/gcamp_ros2_ws/install/lio_sam/share/lio_sam//config/doc/ouster-demo.gif
[0.814s] -- Up-to-date: /home/winter24/gcamp_ros2_ws/install/lio_sam/share/lio_sam//config/doc/device-jackal.png
[0.815s] -- Up-to-date: /home/winter24/gcamp_ros2_ws/install/lio_sam/share/lio_sam//config/doc/imu-debug.gif
[0.815s] -- Up-to-date: /home/winter24/gcamp_ros2_ws/install/lio_sam/share/lio_sam//config/doc/device-hand.png
[0.815s] -- Up-to-date: /home/winter24/gcamp_ros2_ws/install/lio_sam/lib/lio_sam/lio_sam_imageProjection
[0.815s] -- Up-to-date: /home/winter24/gcamp_ros2_ws/install/lio_sam/lib/lio_sam/lio_sam_imuPreintegration
[0.815s] -- Up-to-date: /home/winter24/gcamp_ros2_ws/install/lio_sam/lib/lio_sam/lio_sam_featureExtraction
[0.816s] -- Up-to-date: /home/winter24/gcamp_ros2_ws/install/lio_sam/lib/lio_sam/lio_sam_mapOptimization
[0.816s] -- Up-to-date: /home/winter24/gcamp_ros2_ws/install/lio_sam/include
[0.817s] -- Up-to-date: /home/winter24/gcamp_ros2_ws/install/lio_sam/include/lio_sam
[0.817s] -- Up-to-date: /home/winter24/gcamp_ros2_ws/install/lio_sam/include/lio_sam/utility.hpp
[0.817s] -- Up-to-date: /home/winter24/gcamp_ros2_ws/install/lio_sam/share/ament_index/resource_index/package_run_dependencies/lio_sam
[0.817s] -- Up-to-date: /home/winter24/gcamp_ros2_ws/install/lio_sam/share/ament_index/resource_index/parent_prefix_path/lio_sam
[0.817s] -- Up-to-date: /home/winter24/gcamp_ros2_ws/install/lio_sam/share/lio_sam/environment/ament_prefix_path.sh
[0.817s] -- Up-to-date: /home/winter24/gcamp_ros2_ws/install/lio_sam/share/lio_sam/environment/ament_prefix_path.dsv
[0.817s] -- Up-to-date: /home/winter24/gcamp_ros2_ws/install/lio_sam/share/lio_sam/environment/path.sh
[0.817s] -- Up-to-date: /home/winter24/gcamp_ros2_ws/install/lio_sam/share/lio_sam/environment/path.dsv
[0.817s] -- Up-to-date: /home/winter24/gcamp_ros2_ws/install/lio_sam/share/lio_sam/local_setup.bash
[0.818s] -- Up-to-date: /home/winter24/gcamp_ros2_ws/install/lio_sam/share/lio_sam/local_setup.sh
[0.818s] -- Up-to-date: /home/winter24/gcamp_ros2_ws/install/lio_sam/share/lio_sam/local_setup.zsh
[0.818s] -- Up-to-date: /home/winter24/gcamp_ros2_ws/install/lio_sam/share/lio_sam/local_setup.dsv
[0.818s] -- Installing: /home/winter24/gcamp_ros2_ws/install/lio_sam/share/lio_sam/package.dsv
[0.818s] -- Up-to-date: /home/winter24/gcamp_ros2_ws/install/lio_sam/share/ament_index/resource_index/packages/lio_sam
[0.818s] -- Up-to-date: /home/winter24/gcamp_ros2_ws/install/lio_sam/share/lio_sam/cmake/lio_sam__rosidl_generator_cExport.cmake
[0.818s] -- Up-to-date: /home/winter24/gcamp_ros2_ws/install/lio_sam/share/lio_sam/cmake/lio_sam__rosidl_generator_cExport-release.cmake
[0.818s] -- Up-to-date: /home/winter24/gcamp_ros2_ws/install/lio_sam/share/lio_sam/cmake/lio_sam__rosidl_typesupport_introspection_cExport.cmake
[0.818s] -- Up-to-date: /home/winter24/gcamp_ros2_ws/install/lio_sam/share/lio_sam/cmake/lio_sam__rosidl_typesupport_introspection_cExport-release.cmake
[0.818s] -- Up-to-date: /home/winter24/gcamp_ros2_ws/install/lio_sam/share/lio_sam/cmake/lio_sam__rosidl_typesupport_cExport.cmake
[0.818s] -- Up-to-date: /home/winter24/gcamp_ros2_ws/install/lio_sam/share/lio_sam/cmake/lio_sam__rosidl_typesupport_cExport-release.cmake
[0.818s] -- Up-to-date: /home/winter24/gcamp_ros2_ws/install/lio_sam/share/lio_sam/cmake/lio_sam__rosidl_generator_cppExport.cmake
[0.818s] -- Up-to-date: /home/winter24/gcamp_ros2_ws/install/lio_sam/share/lio_sam/cmake/lio_sam__rosidl_typesupport_introspection_cppExport.cmake
[0.818s] -- Up-to-date: /home/winter24/gcamp_ros2_ws/install/lio_sam/share/lio_sam/cmake/lio_sam__rosidl_typesupport_introspection_cppExport-release.cmake
[0.818s] -- Up-to-date: /home/winter24/gcamp_ros2_ws/install/lio_sam/share/lio_sam/cmake/lio_sam__rosidl_typesupport_cppExport.cmake
[0.818s] -- Up-to-date: /home/winter24/gcamp_ros2_ws/install/lio_sam/share/lio_sam/cmake/lio_sam__rosidl_typesupport_cppExport-release.cmake
[0.818s] -- Up-to-date: /home/winter24/gcamp_ros2_ws/install/lio_sam/share/lio_sam/cmake/rosidl_cmake-extras.cmake
[0.818s] -- Up-to-date: /home/winter24/gcamp_ros2_ws/install/lio_sam/share/lio_sam/cmake/ament_cmake_export_dependencies-extras.cmake
[0.818s] -- Up-to-date: /home/winter24/gcamp_ros2_ws/install/lio_sam/share/lio_sam/cmake/ament_cmake_export_libraries-extras.cmake
[0.818s] -- Up-to-date: /home/winter24/gcamp_ros2_ws/install/lio_sam/share/lio_sam/cmake/ament_cmake_export_targets-extras.cmake
[0.818s] -- Up-to-date: /home/winter24/gcamp_ros2_ws/install/lio_sam/share/lio_sam/cmake/ament_cmake_export_include_directories-extras.cmake
[0.819s] -- Up-to-date: /home/winter24/gcamp_ros2_ws/install/lio_sam/share/lio_sam/cmake/rosidl_cmake_export_typesupport_libraries-extras.cmake
[0.819s] -- Up-to-date: /home/winter24/gcamp_ros2_ws/install/lio_sam/share/lio_sam/cmake/rosidl_cmake_export_typesupport_targets-extras.cmake
[0.819s] -- Up-to-date: /home/winter24/gcamp_ros2_ws/install/lio_sam/share/lio_sam/cmake/lio_samConfig.cmake
[0.819s] -- Up-to-date: /home/winter24/gcamp_ros2_ws/install/lio_sam/share/lio_sam/cmake/lio_samConfig-version.cmake
[0.819s] -- Up-to-date: /home/winter24/gcamp_ros2_ws/install/lio_sam/share/lio_sam/package.xml
[0.853s] Invoked command in '/home/winter24/gcamp_ros2_ws/build/lio_sam' returned '0': CMAKE_PREFIX_PATH=${CMAKE_PREFIX_PATH}:/home/winter24/gcamp_ros2_ws/install/yolov8_ros:/home/winter24/gcamp_ros2_ws/install/tf2_web_republisher_py:/home/winter24/gcamp_ros2_ws/install/ball_tracker:/opt/ros/foxy /home/winter24/.local/bin/cmake --install /home/winter24/gcamp_ros2_ws/build/lio_sam
