[0.075s] Invoking command in '/home/winter24/gcamp_ros2_ws/build/yolobot_gazebo': CMAKE_PREFIX_PATH=${CMAKE_PREFIX_PATH}:/home/winter24/gcamp_ros2_ws/install/yolov8_ros:/home/winter24/gcamp_ros2_ws/install/tf2_web_republisher_py:/home/winter24/gcamp_ros2_ws/install/ball_tracker:/opt/ros/foxy /home/winter24/.local/bin/cmake --build /home/winter24/gcamp_ros2_ws/build/yolobot_gazebo -- -j16 -l16
[0.116s] Invoked command in '/home/winter24/gcamp_ros2_ws/build/yolobot_gazebo' returned '0': CMAKE_PREFIX_PATH=${CMAKE_PREFIX_PATH}:/home/winter24/gcamp_ros2_ws/install/yolov8_ros:/home/winter24/gcamp_ros2_ws/install/tf2_web_republisher_py:/home/winter24/gcamp_ros2_ws/install/ball_tracker:/opt/ros/foxy /home/winter24/.local/bin/cmake --build /home/winter24/gcamp_ros2_ws/build/yolobot_gazebo -- -j16 -l16
[0.163s] Invoking command in '/home/winter24/gcamp_ros2_ws/build/yolobot_gazebo': CMAKE_PREFIX_PATH=${CMAKE_PREFIX_PATH}:/home/winter24/gcamp_ros2_ws/install/yolov8_ros:/home/winter24/gcamp_ros2_ws/install/tf2_web_republisher_py:/home/winter24/gcamp_ros2_ws/install/ball_tracker:/opt/ros/foxy /home/winter24/.local/bin/cmake --install /home/winter24/gcamp_ros2_ws/build/yolobot_gazebo
[0.204s] -- Install configuration: ""
[0.204s] -- Up-to-date: /home/winter24/gcamp_ros2_ws/install/yolobot_gazebo/share/yolobot_gazebo//launch
[0.204s] -- Up-to-date: /home/winter24/gcamp_ros2_ws/install/yolobot_gazebo/share/yolobot_gazebo//launch/yolobot_launch.py
[0.204s] -- Up-to-date: /home/winter24/gcamp_ros2_ws/install/yolobot_gazebo/share/yolobot_gazebo//launch/start_world_launch.py
[0.205s] -- Up-to-date: /home/winter24/gcamp_ros2_ws/install/yolobot_gazebo/share/yolobot_gazebo//worlds
[0.205s] -- Up-to-date: /home/winter24/gcamp_ros2_ws/install/yolobot_gazebo/share/yolobot_gazebo//worlds/yolo_test.world
[0.206s] -- Up-to-date: /home/winter24/gcamp_ros2_ws/install/yolobot_gazebo/share/ament_index/resource_index/package_run_dependencies/yolobot_gazebo
[0.206s] -- Up-to-date: /home/winter24/gcamp_ros2_ws/install/yolobot_gazebo/share/ament_index/resource_index/parent_prefix_path/yolobot_gazebo
[0.207s] -- Up-to-date: /home/winter24/gcamp_ros2_ws/install/yolobot_gazebo/share/yolobot_gazebo/environment/ament_prefix_path.sh
[0.207s] -- Up-to-date: /home/winter24/gcamp_ros2_ws/install/yolobot_gazebo/share/yolobot_gazebo/environment/ament_prefix_path.dsv
[0.208s] -- Up-to-date: /home/winter24/gcamp_ros2_ws/install/yolobot_gazebo/share/yolobot_gazebo/environment/path.sh
[0.208s] -- Up-to-date: /home/winter24/gcamp_ros2_ws/install/yolobot_gazebo/share/yolobot_gazebo/environment/path.dsv
[0.208s] -- Up-to-date: /home/winter24/gcamp_ros2_ws/install/yolobot_gazebo/share/yolobot_gazebo/local_setup.bash
[0.208s] -- Up-to-date: /home/winter24/gcamp_ros2_ws/install/yolobot_gazebo/share/yolobot_gazebo/local_setup.sh
[0.208s] -- Up-to-date: /home/winter24/gcamp_ros2_ws/install/yolobot_gazebo/share/yolobot_gazebo/local_setup.zsh
[0.208s] -- Up-to-date: /home/winter24/gcamp_ros2_ws/install/yolobot_gazebo/share/yolobot_gazebo/local_setup.dsv
[0.209s] -- Installing: /home/winter24/gcamp_ros2_ws/install/yolobot_gazebo/share/yolobot_gazebo/package.dsv
[0.209s] -- Up-to-date: /home/winter24/gcamp_ros2_ws/install/yolobot_gazebo/share/ament_index/resource_index/packages/yolobot_gazebo
[0.209s] -- Up-to-date: /home/winter24/gcamp_ros2_ws/install/yolobot_gazebo/share/yolobot_gazebo/cmake/yolobot_gazeboConfig.cmake
[0.209s] -- Up-to-date: /home/winter24/gcamp_ros2_ws/install/yolobot_gazebo/share/yolobot_gazebo/cmake/yolobot_gazeboConfig-version.cmake
[0.210s] -- Up-to-date: /home/winter24/gcamp_ros2_ws/install/yolobot_gazebo/share/yolobot_gazebo/package.xml
[0.220s] Invoked command in '/home/winter24/gcamp_ros2_ws/build/yolobot_gazebo' returned '0': CMAKE_PREFIX_PATH=${CMAKE_PREFIX_PATH}:/home/winter24/gcamp_ros2_ws/install/yolov8_ros:/home/winter24/gcamp_ros2_ws/install/tf2_web_republisher_py:/home/winter24/gcamp_ros2_ws/install/ball_tracker:/opt/ros/foxy /home/winter24/.local/bin/cmake --install /home/winter24/gcamp_ros2_ws/build/yolobot_gazebo
