[0.307s] Invoking command in '/home/winter24/gcamp_ros2_ws/build/lio_sam': CMAKE_PREFIX_PATH=${CMAKE_PREFIX_PATH}:/home/winter24/gcamp_ros2_ws/install/yolov8_ros:/home/winter24/gcamp_ros2_ws/install/tf2_web_republisher_py:/home/winter24/gcamp_ros2_ws/install/ball_tracker:/opt/ros/foxy /home/winter24/.local/bin/cmake --build /home/winter24/gcamp_ros2_ws/build/lio_sam -- -j16 -l16
[0.500s] [  2%] Built target lio_sam__cpp
[0.500s] [ 10%] Built target lio_sam__rosidl_generator_c
[0.501s] [ 19%] Built target lio_sam__rosidl_typesupport_cpp
[0.502s] [ 27%] Built target lio_sam__rosidl_typesupport_introspection_cpp
[0.502s] [ 40%] Built target lio_sam__rosidl_typesupport_c
[0.502s] [ 44%] Built target lio_sam__rosidl_typesupport_fastrtps_cpp
[0.502s] [ 53%] Built target lio_sam__rosidl_typesupport_introspection_c
[0.503s] [ 61%] Built target lio_sam__rosidl_typesupport_fastrtps_c
[0.504s] [ 61%] Built target lio_sam
[0.504s] [ 63%] Built target lio_sam__py
[0.504s] [ 70%] Built target lio_sam__python
[0.504s] [ 74%] Built target lio_sam__rosidl_typesupport_fastrtps_c__pyext
[0.506s] [ 85%] Built target lio_sam_featureExtraction
[0.506s] [ 85%] Built target lio_sam__rosidl_typesupport_introspection_c__pyext
[0.506s] [ 87%] Built target lio_sam__rosidl_typesupport_c__pyext
[0.506s] [ 91%] Built target lio_sam_imageProjection
[0.506s] [ 95%] Built target lio_sam_imuPreintegration
[0.507s] [100%] Built target lio_sam_mapOptimization
[0.520s] Invoked command in '/home/winter24/gcamp_ros2_ws/build/lio_sam' returned '0': CMAKE_PREFIX_PATH=${CMAKE_PREFIX_PATH}:/home/winter24/gcamp_ros2_ws/install/yolov8_ros:/home/winter24/gcamp_ros2_ws/install/tf2_web_republisher_py:/home/winter24/gcamp_ros2_ws/install/ball_tracker:/opt/ros/foxy /home/winter24/.local/bin/cmake --build /home/winter24/gcamp_ros2_ws/build/lio_sam -- -j16 -l16
[0.645s] Invoking command in '/home/winter24/gcamp_ros2_ws/build/lio_sam': CMAKE_PREFIX_PATH=${CMAKE_PREFIX_PATH}:/home/winter24/gcamp_ros2_ws/install/yolov8_ros:/home/winter24/gcamp_ros2_ws/install/tf2_web_republisher_py:/home/winter24/gcamp_ros2_ws/install/ball_tracker:/opt/ros/foxy /home/winter24/.local/bin/cmake --install /home/winter24/gcamp_ros2_ws/build/lio_sam
[0.677s] -- Install configuration: "Release"
[0.677s] -- Up-to-date: /home/winter24/gcamp_ros2_ws/install/lio_sam/share/ament_index/resource_index/rosidl_interfaces/lio_sam
[0.677s] -- Up-to-date: /home/winter24/gcamp_ros2_ws/install/lio_sam/include/lio_sam
[0.678s] -- Up-to-date: /home/winter24/gcamp_ros2_ws/install/lio_sam/include/lio_sam/srv
[0.678s] -- Up-to-date: /home/winter24/gcamp_ros2_ws/install/lio_sam/include/lio_sam/srv/save_map.h
[0.678s] -- Up-to-date: /home/winter24/gcamp_ros2_ws/install/lio_sam/include/lio_sam/srv/detail
[0.679s] -- Up-to-date: /home/winter24/gcamp_ros2_ws/install/lio_sam/include/lio_sam/srv/detail/save_map__struct.h
[0.679s] -- Up-to-date: /home/winter24/gcamp_ros2_ws/install/lio_sam/include/lio_sam/srv/detail/save_map__functions.c
[0.679s] -- Up-to-date: /home/winter24/gcamp_ros2_ws/install/lio_sam/include/lio_sam/srv/detail/save_map__type_support.h
[0.679s] -- Up-to-date: /home/winter24/gcamp_ros2_ws/install/lio_sam/include/lio_sam/srv/detail/save_map__functions.h
[0.679s] -- Up-to-date: /home/winter24/gcamp_ros2_ws/install/lio_sam/include/lio_sam/msg
[0.680s] -- Up-to-date: /home/winter24/gcamp_ros2_ws/install/lio_sam/include/lio_sam/msg/cloud_info.h
[0.680s] -- Up-to-date: /home/winter24/gcamp_ros2_ws/install/lio_sam/include/lio_sam/msg/rosidl_generator_c__visibility_control.h
[0.680s] -- Up-to-date: /home/winter24/gcamp_ros2_ws/install/lio_sam/include/lio_sam/msg/detail
[0.680s] -- Up-to-date: /home/winter24/gcamp_ros2_ws/install/lio_sam/include/lio_sam/msg/detail/cloud_info__struct.h
[0.681s] -- Up-to-date: /home/winter24/gcamp_ros2_ws/install/lio_sam/include/lio_sam/msg/detail/cloud_info__functions.h
[0.681s] -- Up-to-date: /home/winter24/gcamp_ros2_ws/install/lio_sam/include/lio_sam/msg/detail/cloud_info__type_support.h
[0.682s] -- Up-to-date: /home/winter24/gcamp_ros2_ws/install/lio_sam/include/lio_sam/msg/detail/cloud_info__functions.c
[0.682s] -- Up-to-date: /home/winter24/gcamp_ros2_ws/install/lio_sam/share/lio_sam/environment/library_path.sh
[0.683s] -- Up-to-date: /home/winter24/gcamp_ros2_ws/install/lio_sam/share/lio_sam/environment/library_path.dsv
[0.683s] -- Up-to-date: /home/winter24/gcamp_ros2_ws/install/lio_sam/lib/liblio_sam__rosidl_generator_c.so
[0.683s] -- Up-to-date: /home/winter24/gcamp_ros2_ws/install/lio_sam/include/lio_sam
[0.684s] -- Up-to-date: /home/winter24/gcamp_ros2_ws/install/lio_sam/include/lio_sam/srv
[0.684s] -- Up-to-date: /home/winter24/gcamp_ros2_ws/install/lio_sam/include/lio_sam/srv/detail
[0.684s] -- Up-to-date: /home/winter24/gcamp_ros2_ws/install/lio_sam/include/lio_sam/srv/detail/save_map__rosidl_typesupport_fastrtps_c.h
[0.684s] -- Up-to-date: /home/winter24/gcamp_ros2_ws/install/lio_sam/include/lio_sam/msg
[0.685s] -- Up-to-date: /home/winter24/gcamp_ros2_ws/install/lio_sam/include/lio_sam/msg/rosidl_typesupport_fastrtps_c__visibility_control.h
[0.685s] -- Up-to-date: /home/winter24/gcamp_ros2_ws/install/lio_sam/include/lio_sam/msg/detail
[0.685s] -- Up-to-date: /home/winter24/gcamp_ros2_ws/install/lio_sam/include/lio_sam/msg/detail/cloud_info__rosidl_typesupport_fastrtps_c.h
[0.685s] -- Up-to-date: /home/winter24/gcamp_ros2_ws/install/lio_sam/lib/liblio_sam__rosidl_typesupport_fastrtps_c.so
[0.685s] -- Up-to-date: /home/winter24/gcamp_ros2_ws/install/lio_sam/include/lio_sam
[0.686s] -- Up-to-date: /home/winter24/gcamp_ros2_ws/install/lio_sam/include/lio_sam/srv
[0.686s] -- Up-to-date: /home/winter24/gcamp_ros2_ws/install/lio_sam/include/lio_sam/srv/detail
[0.686s] -- Up-to-date: /home/winter24/gcamp_ros2_ws/install/lio_sam/include/lio_sam/srv/detail/save_map__rosidl_typesupport_fastrtps_cpp.hpp
[0.686s] -- Up-to-date: /home/winter24/gcamp_ros2_ws/install/lio_sam/include/lio_sam/srv/detail/dds_fastrtps
[0.686s] -- Up-to-date: /home/winter24/gcamp_ros2_ws/install/lio_sam/include/lio_sam/msg
[0.686s] -- Up-to-date: /home/winter24/gcamp_ros2_ws/install/lio_sam/include/lio_sam/msg/detail
[0.686s] -- Up-to-date: /home/winter24/gcamp_ros2_ws/install/lio_sam/include/lio_sam/msg/detail/dds_fastrtps
[0.687s] -- Up-to-date: /home/winter24/gcamp_ros2_ws/install/lio_sam/include/lio_sam/msg/detail/cloud_info__rosidl_typesupport_fastrtps_cpp.hpp
[0.687s] -- Up-to-date: /home/winter24/gcamp_ros2_ws/install/lio_sam/include/lio_sam/msg/rosidl_typesupport_fastrtps_cpp__visibility_control.h
[0.688s] -- Up-to-date: /home/winter24/gcamp_ros2_ws/install/lio_sam/lib/liblio_sam__rosidl_typesupport_fastrtps_cpp.so
[0.689s] -- Up-to-date: /home/winter24/gcamp_ros2_ws/install/lio_sam/include/lio_sam
[0.689s] -- Up-to-date: /home/winter24/gcamp_ros2_ws/install/lio_sam/include/lio_sam/srv
[0.689s] -- Up-to-date: /home/winter24/gcamp_ros2_ws/install/lio_sam/include/lio_sam/srv/detail
[0.689s] -- Up-to-date: /home/winter24/gcamp_ros2_ws/install/lio_sam/include/lio_sam/srv/detail/save_map__type_support.c
[0.690s] -- Up-to-date: /home/winter24/gcamp_ros2_ws/install/lio_sam/include/lio_sam/srv/detail/save_map__rosidl_typesupport_introspection_c.h
[0.690s] -- Up-to-date: /home/winter24/gcamp_ros2_ws/install/lio_sam/include/lio_sam/msg
[0.690s] -- Up-to-date: /home/winter24/gcamp_ros2_ws/install/lio_sam/include/lio_sam/msg/rosidl_typesupport_introspection_c__visibility_control.h
[0.691s] -- Up-to-date: /home/winter24/gcamp_ros2_ws/install/lio_sam/include/lio_sam/msg/detail
[0.691s] -- Up-to-date: /home/winter24/gcamp_ros2_ws/install/lio_sam/include/lio_sam/msg/detail/cloud_info__type_support.c
[0.691s] -- Up-to-date: /home/winter24/gcamp_ros2_ws/install/lio_sam/include/lio_sam/msg/detail/cloud_info__rosidl_typesupport_introspection_c.h
[0.691s] -- Up-to-date: /home/winter24/gcamp_ros2_ws/install/lio_sam/lib/liblio_sam__rosidl_typesupport_introspection_c.so
[0.691s] -- Up-to-date: /home/winter24/gcamp_ros2_ws/install/lio_sam/lib/liblio_sam__rosidl_typesupport_c.so
[0.691s] -- Up-to-date: /home/winter24/gcamp_ros2_ws/install/lio_sam/include/lio_sam
[0.691s] -- Up-to-date: /home/winter24/gcamp_ros2_ws/install/lio_sam/include/lio_sam/srv
[0.692s] -- Up-to-date: /home/winter24/gcamp_ros2_ws/install/lio_sam/include/lio_sam/srv/save_map.hpp
[0.692s] -- Up-to-date: /home/winter24/gcamp_ros2_ws/install/lio_sam/include/lio_sam/srv/detail
[0.692s] -- Up-to-date: /home/winter24/gcamp_ros2_ws/install/lio_sam/include/lio_sam/srv/detail/save_map__builder.hpp
[0.692s] -- Up-to-date: /home/winter24/gcamp_ros2_ws/install/lio_sam/include/lio_sam/srv/detail/save_map__struct.hpp
[0.692s] -- Up-to-date: /home/winter24/gcamp_ros2_ws/install/lio_sam/include/lio_sam/srv/detail/save_map__traits.hpp
[0.692s] -- Up-to-date: /home/winter24/gcamp_ros2_ws/install/lio_sam/include/lio_sam/srv/detail/save_map__type_support.hpp
[0.692s] -- Up-to-date: /home/winter24/gcamp_ros2_ws/install/lio_sam/include/lio_sam/msg
[0.692s] -- Up-to-date: /home/winter24/gcamp_ros2_ws/install/lio_sam/include/lio_sam/msg/cloud_info.hpp
[0.692s] -- Up-to-date: /home/winter24/gcamp_ros2_ws/install/lio_sam/include/lio_sam/msg/detail
[0.692s] -- Up-to-date: /home/winter24/gcamp_ros2_ws/install/lio_sam/include/lio_sam/msg/detail/cloud_info__builder.hpp
[0.693s] -- Up-to-date: /home/winter24/gcamp_ros2_ws/install/lio_sam/include/lio_sam/msg/detail/cloud_info__struct.hpp
[0.693s] -- Up-to-date: /home/winter24/gcamp_ros2_ws/install/lio_sam/include/lio_sam/msg/detail/cloud_info__type_support.hpp
[0.693s] -- Up-to-date: /home/winter24/gcamp_ros2_ws/install/lio_sam/include/lio_sam/msg/detail/cloud_info__traits.hpp
[0.693s] -- Up-to-date: /home/winter24/gcamp_ros2_ws/install/lio_sam/include/lio_sam/msg/rosidl_generator_cpp__visibility_control.hpp
[0.693s] -- Up-to-date: /home/winter24/gcamp_ros2_ws/install/lio_sam/include/lio_sam
[0.693s] -- Up-to-date: /home/winter24/gcamp_ros2_ws/install/lio_sam/include/lio_sam/srv
[0.693s] -- Up-to-date: /home/winter24/gcamp_ros2_ws/install/lio_sam/include/lio_sam/srv/detail
[0.693s] -- Up-to-date: /home/winter24/gcamp_ros2_ws/install/lio_sam/include/lio_sam/srv/detail/save_map__type_support.cpp
[0.693s] -- Up-to-date: /home/winter24/gcamp_ros2_ws/install/lio_sam/include/lio_sam/srv/detail/save_map__rosidl_typesupport_introspection_cpp.hpp
[0.694s] -- Up-to-date: /home/winter24/gcamp_ros2_ws/install/lio_sam/include/lio_sam/msg
[0.694s] -- Up-to-date: /home/winter24/gcamp_ros2_ws/install/lio_sam/include/lio_sam/msg/detail
[0.694s] -- Up-to-date: /home/winter24/gcamp_ros2_ws/install/lio_sam/include/lio_sam/msg/detail/cloud_info__rosidl_typesupport_introspection_cpp.hpp
[0.694s] -- Up-to-date: /home/winter24/gcamp_ros2_ws/install/lio_sam/include/lio_sam/msg/detail/cloud_info__type_support.cpp
[0.694s] -- Up-to-date: /home/winter24/gcamp_ros2_ws/install/lio_sam/lib/liblio_sam__rosidl_typesupport_introspection_cpp.so
[0.694s] -- Up-to-date: /home/winter24/gcamp_ros2_ws/install/lio_sam/lib/liblio_sam__rosidl_typesupport_cpp.so
[0.694s] -- Up-to-date: /home/winter24/gcamp_ros2_ws/install/lio_sam/share/lio_sam/environment/pythonpath.sh
[0.694s] -- Up-to-date: /home/winter24/gcamp_ros2_ws/install/lio_sam/share/lio_sam/environment/pythonpath.dsv
[0.694s] -- Up-to-date: /home/winter24/gcamp_ros2_ws/install/lio_sam/lib/python3.8/site-packages/lio_sam/__init__.py
[0.728s] -- Up-to-date: /home/winter24/gcamp_ros2_ws/install/lio_sam/lib/python3.8/site-packages/lio_sam/msg
[0.728s] -- Up-to-date: /home/winter24/gcamp_ros2_ws/install/lio_sam/lib/python3.8/site-packages/lio_sam/msg/_cloud_info_s.c
[0.728s] -- Up-to-date: /home/winter24/gcamp_ros2_ws/install/lio_sam/lib/python3.8/site-packages/lio_sam/msg/_cloud_info.py
[0.728s] -- Up-to-date: /home/winter24/gcamp_ros2_ws/install/lio_sam/lib/python3.8/site-packages/lio_sam/msg/__init__.py
[0.728s] -- Up-to-date: /home/winter24/gcamp_ros2_ws/install/lio_sam/lib/python3.8/site-packages/lio_sam/srv
[0.729s] -- Up-to-date: /home/winter24/gcamp_ros2_ws/install/lio_sam/lib/python3.8/site-packages/lio_sam/srv/_save_map_s.c
[0.729s] -- Up-to-date: /home/winter24/gcamp_ros2_ws/install/lio_sam/lib/python3.8/site-packages/lio_sam/srv/_save_map.py
[0.729s] -- Up-to-date: /home/winter24/gcamp_ros2_ws/install/lio_sam/lib/python3.8/site-packages/lio_sam/srv/__init__.py
[0.729s] -- Up-to-date: /home/winter24/gcamp_ros2_ws/install/lio_sam/lib/python3.8/site-packages/lio_sam/lio_sam_s__rosidl_typesupport_fastrtps_c.cpython-38-x86_64-linux-gnu.so
[0.730s] -- Up-to-date: /home/winter24/gcamp_ros2_ws/install/lio_sam/lib/python3.8/site-packages/lio_sam/lio_sam_s__rosidl_typesupport_introspection_c.cpython-38-x86_64-linux-gnu.so
[0.731s] -- Up-to-date: /home/winter24/gcamp_ros2_ws/install/lio_sam/lib/python3.8/site-packages/lio_sam/lio_sam_s__rosidl_typesupport_c.cpython-38-x86_64-linux-gnu.so
[0.731s] -- Up-to-date: /home/winter24/gcamp_ros2_ws/install/lio_sam/lib/liblio_sam__python.so
[0.731s] -- Up-to-date: /home/winter24/gcamp_ros2_ws/install/lio_sam/share/lio_sam/msg/CloudInfo.idl
[0.731s] -- Up-to-date: /home/winter24/gcamp_ros2_ws/install/lio_sam/share/lio_sam/srv/SaveMap.idl
[0.732s] -- Up-to-date: /home/winter24/gcamp_ros2_ws/install/lio_sam/share/lio_sam/msg/CloudInfo.msg
[0.732s] -- Up-to-date: /home/winter24/gcamp_ros2_ws/install/lio_sam/share/lio_sam/srv/SaveMap.srv
[0.732s] -- Up-to-date: /home/winter24/gcamp_ros2_ws/install/lio_sam/share/lio_sam/srv/SaveMap_Request.msg
[0.732s] -- Up-to-date: /home/winter24/gcamp_ros2_ws/install/lio_sam/share/lio_sam/srv/SaveMap_Response.msg
[0.733s] -- Up-to-date: /home/winter24/gcamp_ros2_ws/install/lio_sam/share/lio_sam//launch
[0.733s] -- Up-to-date: /home/winter24/gcamp_ros2_ws/install/lio_sam/share/lio_sam//launch/run.launch.py
[0.733s] -- Up-to-date: /home/winter24/gcamp_ros2_ws/install/lio_sam/share/lio_sam//config
[0.733s] -- Up-to-date: /home/winter24/gcamp_ros2_ws/install/lio_sam/share/lio_sam//config/params.yaml
[0.733s] -- Up-to-date: /home/winter24/gcamp_ros2_ws/install/lio_sam/share/lio_sam//config/robot.urdf.xacro
[0.733s] -- Up-to-date: /home/winter24/gcamp_ros2_ws/install/lio_sam/share/lio_sam//config/rviz2.rviz
[0.734s] -- Up-to-date: /home/winter24/gcamp_ros2_ws/install/lio_sam/share/lio_sam//config/doc
[0.734s] -- Up-to-date: /home/winter24/gcamp_ros2_ws/install/lio_sam/share/lio_sam//config/doc/device-hand-2.png
[0.734s] -- Up-to-date: /home/winter24/gcamp_ros2_ws/install/lio_sam/share/lio_sam//config/doc/loop-closure.gif
[0.734s] -- Up-to-date: /home/winter24/gcamp_ros2_ws/install/lio_sam/share/lio_sam//config/doc/kitti2bag
[0.734s] -- Up-to-date: /home/winter24/gcamp_ros2_ws/install/lio_sam/share/lio_sam//config/doc/kitti2bag/kitti2bag.py
[0.736s] -- Up-to-date: /home/winter24/gcamp_ros2_ws/install/lio_sam/share/lio_sam//config/doc/kitti2bag/README.md
[0.737s] -- Up-to-date: /home/winter24/gcamp_ros2_ws/install/lio_sam/share/lio_sam//config/doc/kitti-map.png
[0.738s] -- Up-to-date: /home/winter24/gcamp_ros2_ws/install/lio_sam/share/lio_sam//config/doc/device-boat.png
[0.738s] -- Up-to-date: /home/winter24/gcamp_ros2_ws/install/lio_sam/share/lio_sam//config/doc/loop-closure-2.gif
[0.738s] -- Up-to-date: /home/winter24/gcamp_ros2_ws/install/lio_sam/share/lio_sam//config/doc/kitti-demo.gif
[0.738s] -- Up-to-date: /home/winter24/gcamp_ros2_ws/install/lio_sam/share/lio_sam//config/doc/imu-transform.png
[0.738s] -- Up-to-date: /home/winter24/gcamp_ros2_ws/install/lio_sam/share/lio_sam//config/doc/system.png
[0.739s] -- Up-to-date: /home/winter24/gcamp_ros2_ws/install/lio_sam/share/lio_sam//config/doc/ouster-device.jpg
[0.739s] -- Up-to-date: /home/winter24/gcamp_ros2_ws/install/lio_sam/share/lio_sam//config/doc/paper.pdf
[0.739s] -- Up-to-date: /home/winter24/gcamp_ros2_ws/install/lio_sam/share/lio_sam//config/doc/ouster-demo.gif
[0.739s] -- Up-to-date: /home/winter24/gcamp_ros2_ws/install/lio_sam/share/lio_sam//config/doc/device-jackal.png
[0.739s] -- Up-to-date: /home/winter24/gcamp_ros2_ws/install/lio_sam/share/lio_sam//config/doc/imu-debug.gif
[0.739s] -- Up-to-date: /home/winter24/gcamp_ros2_ws/install/lio_sam/share/lio_sam//config/doc/device-hand.png
[0.739s] -- Up-to-date: /home/winter24/gcamp_ros2_ws/install/lio_sam/lib/lio_sam/lio_sam_imageProjection
[0.739s] -- Up-to-date: /home/winter24/gcamp_ros2_ws/install/lio_sam/lib/lio_sam/lio_sam_imuPreintegration
[0.739s] -- Up-to-date: /home/winter24/gcamp_ros2_ws/install/lio_sam/lib/lio_sam/lio_sam_featureExtraction
[0.740s] -- Up-to-date: /home/winter24/gcamp_ros2_ws/install/lio_sam/lib/lio_sam/lio_sam_mapOptimization
[0.740s] -- Up-to-date: /home/winter24/gcamp_ros2_ws/install/lio_sam/include
[0.740s] -- Up-to-date: /home/winter24/gcamp_ros2_ws/install/lio_sam/include/lio_sam
[0.741s] -- Up-to-date: /home/winter24/gcamp_ros2_ws/install/lio_sam/include/lio_sam/utility.hpp
[0.741s] -- Up-to-date: /home/winter24/gcamp_ros2_ws/install/lio_sam/share/ament_index/resource_index/package_run_dependencies/lio_sam
[0.741s] -- Up-to-date: /home/winter24/gcamp_ros2_ws/install/lio_sam/share/ament_index/resource_index/parent_prefix_path/lio_sam
[0.741s] -- Up-to-date: /home/winter24/gcamp_ros2_ws/install/lio_sam/share/lio_sam/environment/ament_prefix_path.sh
[0.741s] -- Up-to-date: /home/winter24/gcamp_ros2_ws/install/lio_sam/share/lio_sam/environment/ament_prefix_path.dsv
[0.741s] -- Up-to-date: /home/winter24/gcamp_ros2_ws/install/lio_sam/share/lio_sam/environment/path.sh
[0.742s] -- Up-to-date: /home/winter24/gcamp_ros2_ws/install/lio_sam/share/lio_sam/environment/path.dsv
[0.742s] -- Up-to-date: /home/winter24/gcamp_ros2_ws/install/lio_sam/share/lio_sam/local_setup.bash
[0.742s] -- Up-to-date: /home/winter24/gcamp_ros2_ws/install/lio_sam/share/lio_sam/local_setup.sh
[0.742s] -- Up-to-date: /home/winter24/gcamp_ros2_ws/install/lio_sam/share/lio_sam/local_setup.zsh
[0.742s] -- Up-to-date: /home/winter24/gcamp_ros2_ws/install/lio_sam/share/lio_sam/local_setup.dsv
[0.743s] -- Installing: /home/winter24/gcamp_ros2_ws/install/lio_sam/share/lio_sam/package.dsv
[0.743s] -- Up-to-date: /home/winter24/gcamp_ros2_ws/install/lio_sam/share/ament_index/resource_index/packages/lio_sam
[0.743s] -- Up-to-date: /home/winter24/gcamp_ros2_ws/install/lio_sam/share/lio_sam/cmake/lio_sam__rosidl_generator_cExport.cmake
[0.743s] -- Up-to-date: /home/winter24/gcamp_ros2_ws/install/lio_sam/share/lio_sam/cmake/lio_sam__rosidl_generator_cExport-release.cmake
[0.744s] -- Up-to-date: /home/winter24/gcamp_ros2_ws/install/lio_sam/share/lio_sam/cmake/lio_sam__rosidl_typesupport_introspection_cExport.cmake
[0.744s] -- Up-to-date: /home/winter24/gcamp_ros2_ws/install/lio_sam/share/lio_sam/cmake/lio_sam__rosidl_typesupport_introspection_cExport-release.cmake
[0.744s] -- Up-to-date: /home/winter24/gcamp_ros2_ws/install/lio_sam/share/lio_sam/cmake/lio_sam__rosidl_typesupport_cExport.cmake
[0.744s] -- Up-to-date: /home/winter24/gcamp_ros2_ws/install/lio_sam/share/lio_sam/cmake/lio_sam__rosidl_typesupport_cExport-release.cmake
[0.744s] -- Up-to-date: /home/winter24/gcamp_ros2_ws/install/lio_sam/share/lio_sam/cmake/lio_sam__rosidl_generator_cppExport.cmake
[0.745s] -- Up-to-date: /home/winter24/gcamp_ros2_ws/install/lio_sam/share/lio_sam/cmake/lio_sam__rosidl_typesupport_introspection_cppExport.cmake
[0.746s] -- Up-to-date: /home/winter24/gcamp_ros2_ws/install/lio_sam/share/lio_sam/cmake/lio_sam__rosidl_typesupport_introspection_cppExport-release.cmake
[0.746s] -- Up-to-date: /home/winter24/gcamp_ros2_ws/install/lio_sam/share/lio_sam/cmake/lio_sam__rosidl_typesupport_cppExport.cmake
[0.746s] -- Up-to-date: /home/winter24/gcamp_ros2_ws/install/lio_sam/share/lio_sam/cmake/lio_sam__rosidl_typesupport_cppExport-release.cmake
[0.746s] -- Up-to-date: /home/winter24/gcamp_ros2_ws/install/lio_sam/share/lio_sam/cmake/rosidl_cmake-extras.cmake
[0.747s] -- Up-to-date: /home/winter24/gcamp_ros2_ws/install/lio_sam/share/lio_sam/cmake/ament_cmake_export_dependencies-extras.cmake
[0.747s] -- Up-to-date: /home/winter24/gcamp_ros2_ws/install/lio_sam/share/lio_sam/cmake/ament_cmake_export_libraries-extras.cmake
[0.747s] -- Up-to-date: /home/winter24/gcamp_ros2_ws/install/lio_sam/share/lio_sam/cmake/ament_cmake_export_targets-extras.cmake
[0.747s] -- Up-to-date: /home/winter24/gcamp_ros2_ws/install/lio_sam/share/lio_sam/cmake/ament_cmake_export_include_directories-extras.cmake
[0.747s] -- Up-to-date: /home/winter24/gcamp_ros2_ws/install/lio_sam/share/lio_sam/cmake/rosidl_cmake_export_typesupport_libraries-extras.cmake
[0.748s] -- Up-to-date: /home/winter24/gcamp_ros2_ws/install/lio_sam/share/lio_sam/cmake/rosidl_cmake_export_typesupport_targets-extras.cmake
[0.748s] -- Up-to-date: /home/winter24/gcamp_ros2_ws/install/lio_sam/share/lio_sam/cmake/lio_samConfig.cmake
[0.748s] -- Up-to-date: /home/winter24/gcamp_ros2_ws/install/lio_sam/share/lio_sam/cmake/lio_samConfig-version.cmake
[0.748s] -- Up-to-date: /home/winter24/gcamp_ros2_ws/install/lio_sam/share/lio_sam/package.xml
[0.807s] Invoked command in '/home/winter24/gcamp_ros2_ws/build/lio_sam' returned '0': CMAKE_PREFIX_PATH=${CMAKE_PREFIX_PATH}:/home/winter24/gcamp_ros2_ws/install/yolov8_ros:/home/winter24/gcamp_ros2_ws/install/tf2_web_republisher_py:/home/winter24/gcamp_ros2_ws/install/ball_tracker:/opt/ros/foxy /home/winter24/.local/bin/cmake --install /home/winter24/gcamp_ros2_ws/build/lio_sam
