[0.308s] Invoking command in '/home/winter24/gcamp_ros2_ws/build/lio_sam': CMAKE_PREFIX_PATH=${CMAKE_PREFIX_PATH}:/home/winter24/gcamp_ros2_ws/install/yolov8_ros:/home/winter24/gcamp_ros2_ws/install/tf2_web_republisher_py:/home/winter24/gcamp_ros2_ws/install/ball_tracker:/opt/ros/foxy /home/winter24/.local/bin/cmake /home/winter24/gcamp_ros2_ws/LIO-SAM-ros2 -DCMAKE_INSTALL_PREFIX=/home/winter24/gcamp_ros2_ws/install/lio_sam
[0.486s] -- The C compiler identification is GNU 11.4.0
[0.489s] -- The CXX compiler identification is GNU 9.4.0
[0.510s] -- Detecting C compiler ABI info
[0.572s] -- Detecting C compiler ABI info - done
[0.595s] -- Check for working C compiler: /usr/bin/cc - skipped
[0.606s] -- Detecting C compile features
[0.612s] -- Detecting C compile features - done
[0.648s] -- Detecting CXX compiler ABI info
[0.706s] -- Detecting CXX compiler ABI info - done
[0.707s] -- Check for working CXX compiler: /usr/bin/c++ - skipped
[0.707s] -- Detecting CXX compile features
[0.707s] -- Detecting CXX compile features - done
[0.708s] -- Found ament_cmake: 0.9.12 (/opt/ros/foxy/share/ament_cmake/cmake)
[0.708s] [33mCMake Warning (dev) at /opt/ros/foxy/share/ament_cmake_core/cmake/core/python.cmake:22 (find_package):
[0.709s]   Policy CMP0148 is not set: The FindPythonInterp and FindPythonLibs modules
[0.709s]   are removed.  Run "cmake --help-policy CMP0148" for policy details.  Use
[0.709s]   the cmake_policy command to set the policy and suppress this warning.
[0.709s] 
[0.709s] Call Stack (most recent call first):
[0.710s]   /opt/ros/foxy/share/ament_cmake_core/cmake/core/all.cmake:53 (include)
[0.710s]   /opt/ros/foxy/share/ament_cmake_core/cmake/ament_cmake_core-extras.cmake:17 (include)
[0.710s]   /opt/ros/foxy/share/ament_cmake_core/cmake/ament_cmake_coreConfig.cmake:41 (include)
[0.710s]   /opt/ros/foxy/share/ament_cmake/cmake/ament_cmake_export_dependencies-extras.cmake:15 (find_package)
[0.710s]   /opt/ros/foxy/share/ament_cmake/cmake/ament_cmakeConfig.cmake:41 (include)
[0.711s]   CMakeLists.txt:9 (find_package)
[0.711s] This warning is for project developers.  Use -Wno-dev to suppress it.
[0.711s] [0m
[0.711s] -- Found PythonInterp: /usr/bin/python3 (found suitable version "3.8.10", minimum required is "3") 
[0.712s] -- Using PYTHON_EXECUTABLE: /usr/bin/python3
[0.888s] -- Found rosidl_default_generators: 1.0.1 (/opt/ros/foxy/share/rosidl_default_generators/cmake)
[0.894s] -- Using all available rosidl_typesupport_c: rosidl_typesupport_fastrtps_c;rosidl_typesupport_introspection_c
[0.902s] -- Found rosidl_adapter: 1.3.1 (/opt/ros/foxy/share/rosidl_adapter/cmake)
[1.014s] -- Found OpenSSL: /usr/lib/x86_64-linux-gnu/libcrypto.so (found version "1.1.1f")  
[1.058s] -- Found FastRTPS: /opt/ros/foxy/include  
[1.156s] -- Using all available rosidl_typesupport_cpp: rosidl_typesupport_fastrtps_cpp;rosidl_typesupport_introspection_cpp
[1.179s] -- Found rclcpp: 2.4.3 (/opt/ros/foxy/share/rclcpp/cmake)
[1.238s] -- Found rmw_implementation_cmake: 1.0.4 (/opt/ros/foxy/share/rmw_implementation_cmake/cmake)
[1.239s] -- Using RMW implementation 'rmw_fastrtps_cpp' as default
[1.240s] -- Performing Test CMAKE_HAVE_LIBC_PTHREAD
[1.279s] -- Performing Test CMAKE_HAVE_LIBC_PTHREAD - Failed
[1.279s] -- Looking for pthread_create in pthreads
[1.310s] -- Looking for pthread_create in pthreads - not found
[1.310s] -- Looking for pthread_create in pthread
[1.343s] -- Looking for pthread_create in pthread - found
[1.343s] -- Found Threads: TRUE  
[1.442s] -- Found rclpy: 1.0.13 (/opt/ros/foxy/share/rclpy/cmake)
[1.444s] -- Found cv_bridge: 3.0.7 (/opt/ros/foxy/share/cv_bridge/cmake)
[1.534s] -- Found nav_msgs: 2.0.5 (/opt/ros/foxy/share/nav_msgs/cmake)
[1.577s] -- Found visualization_msgs: 2.0.5 (/opt/ros/foxy/share/visualization_msgs/cmake)
[1.621s] -- Found pcl_msgs: 1.0.0 (/opt/ros/foxy/share/pcl_msgs/cmake)
[1.690s] -- Found tf2: 0.13.14 (/opt/ros/foxy/share/tf2/cmake)
[1.699s] -- Found tf2_geometry_msgs: 0.13.14 (/opt/ros/foxy/share/tf2_geometry_msgs/cmake)
[1.705s] -- Found eigen3_cmake_module: 0.1.1 (/opt/ros/foxy/share/eigen3_cmake_module/cmake)
[1.708s] -- Found Eigen3: TRUE (found version "3.3.7") 
[1.940s] -- Found tf2_sensor_msgs: 0.13.14 (/opt/ros/foxy/share/tf2_sensor_msgs/cmake)
[1.950s] -- Found tf2_eigen: 0.13.14 (/opt/ros/foxy/share/tf2_eigen/cmake)
[1.955s] -- Found OpenCV: /usr (found version "4.2.0") 
[1.963s] [33mCMake Warning (dev) at /usr/lib/x86_64-linux-gnu/cmake/pcl/PCLConfig.cmake:152 (find_package):
[1.963s]   Policy CMP0144 is not set: find_package uses upper-case <PACKAGENAME>_ROOT
[1.964s]   variables.  Run "cmake --help-policy CMP0144" for policy details.  Use the
[1.964s]   cmake_policy command to set the policy and suppress this warning.
[1.964s] 
[1.964s]   CMake variable EIGEN_ROOT is set to:
[1.964s] 
[1.964s]     /usr/include/eigen3
[1.964s] 
[1.964s]   For compatibility, find_package is ignoring the variable, but code in a
[1.964s]   .cmake module might still use it.
[1.964s] Call Stack (most recent call first):
[1.964s]   /usr/lib/x86_64-linux-gnu/cmake/pcl/PCLConfig.cmake:316 (find_eigen)
[1.964s]   /usr/lib/x86_64-linux-gnu/cmake/pcl/PCLConfig.cmake:551 (find_external_library)
[1.964s]   CMakeLists.txt:27 (find_package)
[1.964s] This warning is for project developers.  Use -Wno-dev to suppress it.
[1.964s] [0m
[1.966s] -- Checking for module 'eigen3'
[1.975s] --   Found eigen3, version 3.3.7
[1.995s] -- Found Eigen: /usr/include/eigen3 (Required is at least version "3.1") 
[1.995s] -- Eigen found (include: /usr/include/eigen3, version: 3.3.7)
[2.047s] -- Found Boost: /usr/include (found suitable version "1.71.0", minimum required is "1.55.0") found components: system filesystem date_time iostreams regex 
[2.048s] [33mCMake Warning (dev) at /usr/lib/x86_64-linux-gnu/cmake/pcl/Modules/FindFLANN.cmake:44 (find_package):
[2.048s]   Policy CMP0144 is not set: find_package uses upper-case <PACKAGENAME>_ROOT
[2.048s]   variables.  Run "cmake --help-policy CMP0144" for policy details.  Use the
[2.048s]   cmake_policy command to set the policy and suppress this warning.
[2.048s] 
[2.048s]   CMake variable FLANN_ROOT is set to:
[2.048s] 
[2.048s]     /usr
[2.049s] 
[2.049s]   For compatibility, find_package is ignoring the variable, but code in a
[2.049s]   .cmake module might still use it.
[2.049s] Call Stack (most recent call first):
[2.049s]   /usr/lib/x86_64-linux-gnu/cmake/pcl/PCLConfig.cmake:263 (find_package)
[2.049s]   /usr/lib/x86_64-linux-gnu/cmake/pcl/PCLConfig.cmake:318 (find_flann)
[2.049s]   /usr/lib/x86_64-linux-gnu/cmake/pcl/PCLConfig.cmake:551 (find_external_library)
[2.049s]   CMakeLists.txt:27 (find_package)
[2.049s] This warning is for project developers.  Use -Wno-dev to suppress it.
[2.049s] [0m
[2.059s] -- Checking for module 'flann'
[2.068s] --   Found flann, version 1.9.1
[2.093s] -- Found FLANN: /usr/lib/x86_64-linux-gnu/libflann_cpp.so  
[2.119s] -- The imported target "vtkParseOGLExt" references the file
[2.120s]    "/usr/bin/vtkParseOGLExt-7.1"
[2.120s] but this file does not exist.  Possible reasons include:
[2.120s] * The file was deleted, renamed, or moved to another location.
[2.120s] * An install or uninstall procedure did not complete successfully.
[2.120s] * The installation package was faulty and contained
[2.120s]    "/usr/lib/cmake/vtk-7.1/VTKTargets.cmake"
[2.120s] but not all the files it references.
[2.120s] 
[2.120s] -- The imported target "vtkRenderingPythonTkWidgets" references the file
[2.120s]    "/usr/lib/x86_64-linux-gnu/libvtkRenderingPythonTkWidgets.so"
[2.120s] but this file does not exist.  Possible reasons include:
[2.120s] * The file was deleted, renamed, or moved to another location.
[2.120s] * An install or uninstall procedure did not complete successfully.
[2.120s] * The installation package was faulty and contained
[2.120s]    "/usr/lib/cmake/vtk-7.1/VTKTargets.cmake"
[2.120s] but not all the files it references.
[2.120s] 
[2.120s] -- The imported target "vtk" references the file
[2.120s]    "/usr/bin/vtk"
[2.120s] but this file does not exist.  Possible reasons include:
[2.120s] * The file was deleted, renamed, or moved to another location.
[2.121s] * An install or uninstall procedure did not complete successfully.
[2.121s] * The installation package was faulty and contained
[2.121s]    "/usr/lib/cmake/vtk-7.1/VTKTargets.cmake"
[2.121s] but not all the files it references.
[2.121s] 
[2.121s] -- The imported target "pvtk" references the file
[2.121s]    "/usr/bin/pvtk"
[2.121s] but this file does not exist.  Possible reasons include:
[2.121s] * The file was deleted, renamed, or moved to another location.
[2.121s] * An install or uninstall procedure did not complete successfully.
[2.121s] * The installation package was faulty and contained
[2.121s]    "/usr/lib/cmake/vtk-7.1/VTKTargets.cmake"
[2.121s] but not all the files it references.
[2.121s] 
[2.136s] -- Checking for module 'libusb-1.0'
[2.145s] --   Found libusb-1.0, version 1.0.23
[2.166s] [33mCMake Warning (dev) at /home/winter24/.local/lib/python3.8/site-packages/cmake/data/share/cmake-3.27/Modules/FindPackageHandleStandardArgs.cmake:438 (message):
[2.166s]   The package name passed to `find_package_handle_standard_args` (USB_10)
[2.166s]   does not match the name of the calling package (OpenNI).  This can lead to
[2.166s]   problems in calling code that expects `find_package` result variables
[2.166s]   (e.g., `_FOUND`) to follow a certain pattern.
[2.166s] Call Stack (most recent call first):
[2.167s]   /usr/lib/x86_64-linux-gnu/cmake/pcl/Modules/FindOpenNI.cmake:28 (find_package_handle_standard_args)
[2.167s]   /usr/lib/x86_64-linux-gnu/cmake/pcl/PCLConfig.cmake:179 (find_package)
[2.167s]   /usr/lib/x86_64-linux-gnu/cmake/pcl/PCLConfig.cmake:322 (find_openni)
[2.167s]   /usr/lib/x86_64-linux-gnu/cmake/pcl/PCLConfig.cmake:548 (find_external_library)
[2.167s]   CMakeLists.txt:27 (find_package)
[2.167s] This warning is for project developers.  Use -Wno-dev to suppress it.
[2.167s] [0m
[2.167s] -- Found USB_10: /usr/lib/x86_64-linux-gnu/libusb-1.0.so  
[2.199s] -- Found OpenNI: /usr/lib/libOpenNI.so  
[2.199s] -- OpenNI found (include: /usr/include/ni, lib: /usr/lib/libOpenNI.so)
[2.204s] [33mCMake Warning (dev) at /home/winter24/.local/lib/python3.8/site-packages/cmake/data/share/cmake-3.27/Modules/FindPackageHandleStandardArgs.cmake:438 (message):
[2.204s]   The package name passed to `find_package_handle_standard_args` (USB_10)
[2.204s]   does not match the name of the calling package (OpenNI2).  This can lead to
[2.204s]   problems in calling code that expects `find_package` result variables
[2.204s]   (e.g., `_FOUND`) to follow a certain pattern.
[2.204s] Call Stack (most recent call first):
[2.204s]   /usr/lib/x86_64-linux-gnu/cmake/pcl/Modules/FindOpenNI2.cmake:28 (find_package_handle_standard_args)
[2.204s]   /usr/lib/x86_64-linux-gnu/cmake/pcl/PCLConfig.cmake:193 (find_package)
[2.204s]   /usr/lib/x86_64-linux-gnu/cmake/pcl/PCLConfig.cmake:324 (find_openni2)
[2.204s]   /usr/lib/x86_64-linux-gnu/cmake/pcl/PCLConfig.cmake:548 (find_external_library)
[2.204s]   CMakeLists.txt:27 (find_package)
[2.204s] This warning is for project developers.  Use -Wno-dev to suppress it.
[2.204s] [0m
[2.238s] -- Found OpenNI2: /usr/lib/libOpenNI2.so  
[2.238s] -- OpenNI2 found (include: /usr/include/openni2, lib: /usr/lib/libOpenNI2.so)
[2.238s] [0m** WARNING ** io features related to pcap will be disabled[0m
[2.238s] [0m** WARNING ** io features related to png will be disabled[0m
[2.246s] -- Found libusb-1.0: /usr/include  
[2.247s] [33mCMake Warning (dev) at /home/winter24/.local/lib/python3.8/site-packages/cmake/data/share/cmake-3.27/Modules/FindPackageHandleStandardArgs.cmake:438 (message):
[2.247s]   The package name passed to `find_package_handle_standard_args` (libusb-1.0)
[2.247s]   does not match the name of the calling package (PCL).  This can lead to
[2.247s]   problems in calling code that expects `find_package` result variables
[2.247s]   (e.g., `_FOUND`) to follow a certain pattern.
[2.247s] Call Stack (most recent call first):
[2.247s]   /usr/lib/x86_64-linux-gnu/cmake/pcl/PCLConfig.cmake:291 (find_package_handle_standard_args)
[2.247s]   /usr/lib/x86_64-linux-gnu/cmake/pcl/PCLConfig.cmake:338 (find_libusb)
[2.247s]   /usr/lib/x86_64-linux-gnu/cmake/pcl/PCLConfig.cmake:548 (find_external_library)
[2.247s]   CMakeLists.txt:27 (find_package)
[2.247s] This warning is for project developers.  Use -Wno-dev to suppress it.
[2.247s] [0m
[2.247s] [0m** WARNING ** io features related to libusb-1.0 will be disabled[0m
[2.251s] [33mCMake Warning (dev) at /home/winter24/.local/lib/python3.8/site-packages/cmake/data/share/cmake-3.27/Modules/FindPackageHandleStandardArgs.cmake:438 (message):
[2.251s]   The package name passed to `find_package_handle_standard_args` (USB_10)
[2.251s]   does not match the name of the calling package (OpenNI).  This can lead to
[2.251s]   problems in calling code that expects `find_package` result variables
[2.251s]   (e.g., `_FOUND`) to follow a certain pattern.
[2.251s] Call Stack (most recent call first):
[2.251s]   /usr/lib/x86_64-linux-gnu/cmake/pcl/Modules/FindOpenNI.cmake:28 (find_package_handle_standard_args)
[2.251s]   /usr/lib/x86_64-linux-gnu/cmake/pcl/PCLConfig.cmake:179 (find_package)
[2.251s]   /usr/lib/x86_64-linux-gnu/cmake/pcl/PCLConfig.cmake:322 (find_openni)
[2.251s]   /usr/lib/x86_64-linux-gnu/cmake/pcl/PCLConfig.cmake:548 (find_external_library)
[2.251s]   CMakeLists.txt:27 (find_package)
[2.251s] This warning is for project developers.  Use -Wno-dev to suppress it.
[2.251s] [0m
[2.251s] -- OpenNI found (include: /usr/include/ni, lib: /usr/lib/libOpenNI.so)
[2.255s] [33mCMake Warning (dev) at /home/winter24/.local/lib/python3.8/site-packages/cmake/data/share/cmake-3.27/Modules/FindPackageHandleStandardArgs.cmake:438 (message):
[2.255s]   The package name passed to `find_package_handle_standard_args` (USB_10)
[2.255s]   does not match the name of the calling package (OpenNI2).  This can lead to
[2.255s]   problems in calling code that expects `find_package` result variables
[2.255s]   (e.g., `_FOUND`) to follow a certain pattern.
[2.255s] Call Stack (most recent call first):
[2.255s]   /usr/lib/x86_64-linux-gnu/cmake/pcl/Modules/FindOpenNI2.cmake:28 (find_package_handle_standard_args)
[2.255s]   /usr/lib/x86_64-linux-gnu/cmake/pcl/PCLConfig.cmake:193 (find_package)
[2.255s]   /usr/lib/x86_64-linux-gnu/cmake/pcl/PCLConfig.cmake:324 (find_openni2)
[2.255s]   /usr/lib/x86_64-linux-gnu/cmake/pcl/PCLConfig.cmake:548 (find_external_library)
[2.255s]   CMakeLists.txt:27 (find_package)
[2.256s] This warning is for project developers.  Use -Wno-dev to suppress it.
[2.256s] [0m
[2.256s] -- OpenNI2 found (include: /usr/include/openni2, lib: /usr/lib/libOpenNI2.so)
[2.263s] [33mCMake Warning (dev) at /usr/lib/x86_64-linux-gnu/cmake/pcl/PCLConfig.cmake:165 (find_package):
[2.264s]   Policy CMP0144 is not set: find_package uses upper-case <PACKAGENAME>_ROOT
[2.264s]   variables.  Run "cmake --help-policy CMP0144" for policy details.  Use the
[2.264s]   cmake_policy command to set the policy and suppress this warning.
[2.264s] 
[2.264s]   CMake variable QHULL_ROOT is set to:
[2.264s] 
[2.264s]     /usr
[2.264s] 
[2.264s]   For compatibility, find_package is ignoring the variable, but code in a
[2.264s]   .cmake module might still use it.
[2.264s] Call Stack (most recent call first):
[2.264s]   /usr/lib/x86_64-linux-gnu/cmake/pcl/PCLConfig.cmake:320 (find_qhull)
[2.264s]   /usr/lib/x86_64-linux-gnu/cmake/pcl/PCLConfig.cmake:548 (find_external_library)
[2.264s]   CMakeLists.txt:27 (find_package)
[2.264s] This warning is for project developers.  Use -Wno-dev to suppress it.
[2.264s] [0m
[2.278s] -- Found Qhull: optimized;/usr/lib/x86_64-linux-gnu/libqhull.so;debug;/usr/lib/x86_64-linux-gnu/libqhull.so  
[2.278s] -- QHULL found (include: /usr/include, lib: optimized;/usr/lib/x86_64-linux-gnu/libqhull.so;debug;/usr/lib/x86_64-linux-gnu/libqhull.so)
[2.282s] [33mCMake Warning (dev) at /home/winter24/.local/lib/python3.8/site-packages/cmake/data/share/cmake-3.27/Modules/FindPackageHandleStandardArgs.cmake:438 (message):
[2.282s]   The package name passed to `find_package_handle_standard_args` (USB_10)
[2.282s]   does not match the name of the calling package (OpenNI).  This can lead to
[2.282s]   problems in calling code that expects `find_package` result variables
[2.282s]   (e.g., `_FOUND`) to follow a certain pattern.
[2.282s] Call Stack (most recent call first):
[2.282s]   /usr/lib/x86_64-linux-gnu/cmake/pcl/Modules/FindOpenNI.cmake:28 (find_package_handle_standard_args)
[2.282s]   /usr/lib/x86_64-linux-gnu/cmake/pcl/PCLConfig.cmake:179 (find_package)
[2.282s]   /usr/lib/x86_64-linux-gnu/cmake/pcl/PCLConfig.cmake:322 (find_openni)
[2.282s]   /usr/lib/x86_64-linux-gnu/cmake/pcl/PCLConfig.cmake:548 (find_external_library)
[2.283s]   CMakeLists.txt:27 (find_package)
[2.283s] This warning is for project developers.  Use -Wno-dev to suppress it.
[2.283s] [0m
[2.283s] -- OpenNI found (include: /usr/include/ni, lib: /usr/lib/libOpenNI.so)
[2.290s] -- looking for PCL_COMMON
[2.290s] [33mCMake Warning (dev) at /home/winter24/.local/lib/python3.8/site-packages/cmake/data/share/cmake-3.27/Modules/FindPackageHandleStandardArgs.cmake:438 (message):
[2.291s]   The package name passed to `find_package_handle_standard_args` (PCL_COMMON)
[2.291s]   does not match the name of the calling package (PCL).  This can lead to
[2.291s]   problems in calling code that expects `find_package` result variables
[2.291s]   (e.g., `_FOUND`) to follow a certain pattern.
[2.291s] Call Stack (most recent call first):
[2.291s]   /usr/lib/x86_64-linux-gnu/cmake/pcl/PCLConfig.cmake:616 (find_package_handle_standard_args)
[2.291s]   CMakeLists.txt:27 (find_package)
[2.291s] This warning is for project developers.  Use -Wno-dev to suppress it.
[2.291s] [0m
[2.291s] -- Found PCL_COMMON: /usr/lib/x86_64-linux-gnu/libpcl_common.so  
[2.291s] -- looking for PCL_KDTREE
[2.291s] [33mCMake Warning (dev) at /home/winter24/.local/lib/python3.8/site-packages/cmake/data/share/cmake-3.27/Modules/FindPackageHandleStandardArgs.cmake:438 (message):
[2.292s]   The package name passed to `find_package_handle_standard_args` (PCL_KDTREE)
[2.292s]   does not match the name of the calling package (PCL).  This can lead to
[2.292s]   problems in calling code that expects `find_package` result variables
[2.292s]   (e.g., `_FOUND`) to follow a certain pattern.
[2.292s] Call Stack (most recent call first):
[2.292s]   /usr/lib/x86_64-linux-gnu/cmake/pcl/PCLConfig.cmake:616 (find_package_handle_standard_args)
[2.292s]   CMakeLists.txt:27 (find_package)
[2.292s] This warning is for project developers.  Use -Wno-dev to suppress it.
[2.292s] [0m
[2.292s] -- Found PCL_KDTREE: /usr/lib/x86_64-linux-gnu/libpcl_kdtree.so  
[2.292s] -- looking for PCL_OCTREE
[2.292s] -- Found PCL_OCTREE: /usr/lib/x86_64-linux-gnu/libpcl_octree.so  
[2.293s] -- looking for PCL_SEARCH
[2.293s] [33mCMake Warning (dev) at /home/winter24/.local/lib/python3.8/site-packages/cmake/data/share/cmake-3.27/Modules/FindPackageHandleStandardArgs.cmake:438 (message):
[2.293s]   The package name passed to `find_package_handle_standard_args` (PCL_OCTREE)
[2.293s]   does not match the name of the calling package (PCL).  This can lead to
[2.293s]   problems in calling code that expects `find_package` result variables
[2.293s]   (e.g., `_FOUND`) to follow a certain pattern.
[2.293s] Call Stack (most recent call first):
[2.293s]   /usr/lib/x86_64-linux-gnu/cmake/pcl/PCLConfig.cmake:616 (find_package_handle_standard_args)
[2.293s]   CMakeLists.txt:27 (find_package)
[2.293s] This warning is for project developers.  Use -Wno-dev to suppress it.
[2.293s] [0m
[2.293s] [33mCMake Warning (dev) at /home/winter24/.local/lib/python3.8/site-packages/cmake/data/share/cmake-3.27/Modules/FindPackageHandleStandardArgs.cmake:438 (message):
[2.293s]   The package name passed to `find_package_handle_standard_args` (PCL_SEARCH)
[2.293s]   does not match the name of the calling package (PCL).  This can lead to
[2.294s]   problems in calling code that expects `find_package` result variables
[2.294s]   (e.g., `_FOUND`) to follow a certain pattern.
[2.294s] Call Stack (most recent call first):
[2.294s]   /usr/lib/x86_64-linux-gnu/cmake/pcl/PCLConfig.cmake:616 (find_package_handle_standard_args)
[2.294s]   CMakeLists.txt:27 (find_package)
[2.294s] This warning is for project developers.  Use -Wno-dev to suppress it.
[2.294s] [0m
[2.294s] -- Found PCL_SEARCH: /usr/lib/x86_64-linux-gnu/libpcl_search.so  
[2.294s] -- looking for PCL_SAMPLE_CONSENSUS
[2.294s] [33mCMake Warning (dev) at /home/winter24/.local/lib/python3.8/site-packages/cmake/data/share/cmake-3.27/Modules/FindPackageHandleStandardArgs.cmake:438 (message):
[2.294s]   The package name passed to `find_package_handle_standard_args`
[2.294s]   (PCL_SAMPLE_CONSENSUS) does not match the name of the calling package
[2.294s]   (PCL).  This can lead to problems in calling code that expects
[2.294s]   `find_package` result variables (e.g., `_FOUND`) to follow a certain
[2.294s]   pattern.
[2.294s] Call Stack (most recent call first):
[2.295s]   /usr/lib/x86_64-linux-gnu/cmake/pcl/PCLConfig.cmake:616 (find_package_handle_standard_args)
[2.295s]   CMakeLists.txt:27 (find_package)
[2.295s] This warning is for project developers.  Use -Wno-dev to suppress it.
[2.295s] [0m
[2.295s] -- Found PCL_SAMPLE_CONSENSUS: /usr/lib/x86_64-linux-gnu/libpcl_sample_consensus.so  
[2.295s] -- looking for PCL_FILTERS
[2.295s] -- Found PCL_FILTERS: /usr/lib/x86_64-linux-gnu/libpcl_filters.so  
[2.295s] [33mCMake Warning (dev) at /home/winter24/.local/lib/python3.8/site-packages/cmake/data/share/cmake-3.27/Modules/FindPackageHandleStandardArgs.cmake:438 (message):
[2.295s]   The package name passed to `find_package_handle_standard_args`
[2.295s]   (PCL_FILTERS) does not match the name of the calling package (PCL).  This
[2.295s]   can lead to problems in calling code that expects `find_package` result
[2.295s]   variables (e.g., `_FOUND`) to follow a certain pattern.
[2.296s] Call Stack (most recent call first):
[2.296s]   /usr/lib/x86_64-linux-gnu/cmake/pcl/PCLConfig.cmake:616 (find_package_handle_standard_args)
[2.296s]   CMakeLists.txt:27 (find_package)
[2.296s] This warning is for project developers.  Use -Wno-dev to suppress it.
[2.296s] [0m
[2.296s] -- looking for PCL_2D
[2.296s] -- Found PCL_2D: /usr/include/pcl-1.10  
[2.296s] [33mCMake Warning (dev) at /home/winter24/.local/lib/python3.8/site-packages/cmake/data/share/cmake-3.27/Modules/FindPackageHandleStandardArgs.cmake:438 (message):
[2.296s]   The package name passed to `find_package_handle_standard_args` (PCL_2D)
[2.296s]   does not match the name of the calling package (PCL).  This can lead to
[2.296s]   problems in calling code that expects `find_package` result variables
[2.296s]   (e.g., `_FOUND`) to follow a certain pattern.
[2.296s] Call Stack (most recent call first):
[2.296s]   /usr/lib/x86_64-linux-gnu/cmake/pcl/PCLConfig.cmake:619 (find_package_handle_standard_args)
[2.296s]   CMakeLists.txt:27 (find_package)
[2.296s] This warning is for project developers.  Use -Wno-dev to suppress it.
[2.297s] [0m
[2.297s] -- looking for PCL_GEOMETRY
[2.297s] [33mCMake Warning (dev) at /home/winter24/.local/lib/python3.8/site-packages/cmake/data/share/cmake-3.27/Modules/FindPackageHandleStandardArgs.cmake:438 (message):
[2.297s]   The package name passed to `find_package_handle_standard_args`
[2.297s]   (PCL_GEOMETRY) does not match the name of the calling package (PCL).  This
[2.297s]   can lead to problems in calling code that expects `find_package` result
[2.297s]   variables (e.g., `_FOUND`) to follow a certain pattern.
[2.297s] Call Stack (most recent call first):
[2.297s]   /usr/lib/x86_64-linux-gnu/cmake/pcl/PCLConfig.cmake:619 (find_package_handle_standard_args)
[2.297s]   CMakeLists.txt:27 (find_package)
[2.297s] This warning is for project developers.  Use -Wno-dev to suppress it.
[2.297s] [0m
[2.297s] -- Found PCL_GEOMETRY: /usr/include/pcl-1.10  
[2.297s] -- looking for PCL_IO
[2.297s] [33mCMake Warning (dev) at /home/winter24/.local/lib/python3.8/site-packages/cmake/data/share/cmake-3.27/Modules/FindPackageHandleStandardArgs.cmake:438 (message):
[2.298s]   The package name passed to `find_package_handle_standard_args` (PCL_IO)
[2.298s]   does not match the name of the calling package (PCL).  This can lead to
[2.298s]   problems in calling code that expects `find_package` result variables
[2.298s]   (e.g., `_FOUND`) to follow a certain pattern.
[2.298s] Call Stack (most recent call first):
[2.298s]   /usr/lib/x86_64-linux-gnu/cmake/pcl/PCLConfig.cmake:616 (find_package_handle_standard_args)
[2.298s]   CMakeLists.txt:27 (find_package)
[2.298s] This warning is for project developers.  Use -Wno-dev to suppress it.
[2.298s] [0m
[2.298s] -- Found PCL_IO: /usr/lib/x86_64-linux-gnu/libpcl_io.so  
[2.298s] -- looking for PCL_FEATURES
[2.298s] [33mCMake Warning (dev) at /home/winter24/.local/lib/python3.8/site-packages/cmake/data/share/cmake-3.27/Modules/FindPackageHandleStandardArgs.cmake:438 (message):
[2.298s]   The package name passed to `find_package_handle_standard_args`
[2.298s]   (PCL_FEATURES) does not match the name of the calling package (PCL).  This
[2.298s]   can lead to problems in calling code that expects `find_package` result
[2.298s]   variables (e.g., `_FOUND`) to follow a certain pattern.
[2.299s] Call Stack (most recent call first):
[2.299s]   /usr/lib/x86_64-linux-gnu/cmake/pcl/PCLConfig.cmake:616 (find_package_handle_standard_args)
[2.299s]   CMakeLists.txt:27 (find_package)
[2.299s] This warning is for project developers.  Use -Wno-dev to suppress it.
[2.299s] [0m
[2.299s] -- Found PCL_FEATURES: /usr/lib/x86_64-linux-gnu/libpcl_features.so  
[2.299s] -- looking for PCL_ML
[2.299s] [33mCMake Warning (dev) at /home/winter24/.local/lib/python3.8/site-packages/cmake/data/share/cmake-3.27/Modules/FindPackageHandleStandardArgs.cmake:438 (message):
[2.299s]   The package name passed to `find_package_handle_standard_args` (PCL_ML)
[2.299s]   does not match the name of the calling package (PCL).  This can lead to
[2.299s]   problems in calling code that expects `find_package` result variables
[2.299s]   (e.g., `_FOUND`) to follow a certain pattern.
[2.299s] Call Stack (most recent call first):
[2.299s]   /usr/lib/x86_64-linux-gnu/cmake/pcl/PCLConfig.cmake:616 (find_package_handle_standard_args)
[2.299s]   CMakeLists.txt:27 (find_package)
[2.299s] This warning is for project developers.  Use -Wno-dev to suppress it.
[2.300s] [0m
[2.300s] -- Found PCL_ML: /usr/lib/x86_64-linux-gnu/libpcl_ml.so  
[2.300s] -- looking for PCL_SEGMENTATION
[2.300s] [33mCMake Warning (dev) at /home/winter24/.local/lib/python3.8/site-packages/cmake/data/share/cmake-3.27/Modules/FindPackageHandleStandardArgs.cmake:438 (message):
[2.300s]   The package name passed to `find_package_handle_standard_args`
[2.300s]   (PCL_SEGMENTATION) does not match the name of the calling package (PCL).
[2.300s]   This can lead to problems in calling code that expects `find_package`
[2.300s]   result variables (e.g., `_FOUND`) to follow a certain pattern.
[2.300s] Call Stack (most recent call first):
[2.300s]   /usr/lib/x86_64-linux-gnu/cmake/pcl/PCLConfig.cmake:616 (find_package_handle_standard_args)
[2.300s]   CMakeLists.txt:27 (find_package)
[2.300s] This warning is for project developers.  Use -Wno-dev to suppress it.
[2.300s] [0m
[2.300s] -- Found PCL_SEGMENTATION: /usr/lib/x86_64-linux-gnu/libpcl_segmentation.so  
[2.300s] -- looking for PCL_VISUALIZATION
[2.301s] [33mCMake Warning (dev) at /home/winter24/.local/lib/python3.8/site-packages/cmake/data/share/cmake-3.27/Modules/FindPackageHandleStandardArgs.cmake:438 (message):
[2.301s]   The package name passed to `find_package_handle_standard_args`
[2.301s]   (PCL_VISUALIZATION) does not match the name of the calling package (PCL).
[2.301s]   This can lead to problems in calling code that expects `find_package`
[2.301s]   result variables (e.g., `_FOUND`) to follow a certain pattern.
[2.301s] Call Stack (most recent call first):
[2.301s]   /usr/lib/x86_64-linux-gnu/cmake/pcl/PCLConfig.cmake:616 (find_package_handle_standard_args)
[2.301s]   CMakeLists.txt:27 (find_package)
[2.301s] This warning is for project developers.  Use -Wno-dev to suppress it.
[2.301s] [0m
[2.301s] -- Found PCL_VISUALIZATION: /usr/lib/x86_64-linux-gnu/libpcl_visualization.so  
[2.301s] -- looking for PCL_SURFACE
[2.301s] [33mCMake Warning (dev) at /home/winter24/.local/lib/python3.8/site-packages/cmake/data/share/cmake-3.27/Modules/FindPackageHandleStandardArgs.cmake:438 (message):
[2.301s]   The package name passed to `find_package_handle_standard_args`
[2.301s]   (PCL_SURFACE) does not match the name of the calling package (PCL).  This
[2.301s]   can lead to problems in calling code that expects `find_package` result
[2.302s]   variables (e.g., `_FOUND`) to follow a certain pattern.
[2.302s] Call Stack (most recent call first):
[2.302s]   /usr/lib/x86_64-linux-gnu/cmake/pcl/PCLConfig.cmake:616 (find_package_handle_standard_args)
[2.302s]   CMakeLists.txt:27 (find_package)
[2.302s] This warning is for project developers.  Use -Wno-dev to suppress it.
[2.302s] [0m
[2.302s] -- Found PCL_SURFACE: /usr/lib/x86_64-linux-gnu/libpcl_surface.so  
[2.302s] -- looking for PCL_REGISTRATION
[2.302s] [33mCMake Warning (dev) at /home/winter24/.local/lib/python3.8/site-packages/cmake/data/share/cmake-3.27/Modules/FindPackageHandleStandardArgs.cmake:438 (message):
[2.302s]   The package name passed to `find_package_handle_standard_args`
[2.302s]   (PCL_REGISTRATION) does not match the name of the calling package (PCL).
[2.302s]   This can lead to problems in calling code that expects `find_package`
[2.302s]   result variables (e.g., `_FOUND`) to follow a certain pattern.
[2.302s] Call Stack (most recent call first):
[2.302s]   /usr/lib/x86_64-linux-gnu/cmake/pcl/PCLConfig.cmake:616 (find_package_handle_standard_args)
[2.302s]   CMakeLists.txt:27 (find_package)
[2.303s] This warning is for project developers.  Use -Wno-dev to suppress it.
[2.303s] [0m
[2.303s] -- Found PCL_REGISTRATION: /usr/lib/x86_64-linux-gnu/libpcl_registration.so  
[2.303s] -- looking for PCL_KEYPOINTS
[2.303s] [33mCMake Warning (dev) at /home/winter24/.local/lib/python3.8/site-packages/cmake/data/share/cmake-3.27/Modules/FindPackageHandleStandardArgs.cmake:438 (message):
[2.303s]   The package name passed to `find_package_handle_standard_args`
[2.303s]   (PCL_KEYPOINTS) does not match the name of the calling package (PCL).  This
[2.303s]   can lead to problems in calling code that expects `find_package` result
[2.303s]   variables (e.g., `_FOUND`) to follow a certain pattern.
[2.303s] Call Stack (most recent call first):
[2.303s]   /usr/lib/x86_64-linux-gnu/cmake/pcl/PCLConfig.cmake:616 (find_package_handle_standard_args)
[2.303s]   CMakeLists.txt:27 (find_package)
[2.303s] This warning is for project developers.  Use -Wno-dev to suppress it.
[2.303s] [0m
[2.303s] -- Found PCL_KEYPOINTS: /usr/lib/x86_64-linux-gnu/libpcl_keypoints.so  
[2.303s] -- looking for PCL_TRACKING
[2.304s] [33mCMake Warning (dev) at /home/winter24/.local/lib/python3.8/site-packages/cmake/data/share/cmake-3.27/Modules/FindPackageHandleStandardArgs.cmake:438 (message):
[2.304s]   The package name passed to `find_package_handle_standard_args`
[2.304s]   (PCL_TRACKING) does not match the name of the calling package (PCL).  This
[2.304s]   can lead to problems in calling code that expects `find_package` result
[2.304s]   variables (e.g., `_FOUND`) to follow a certain pattern.
[2.304s] Call Stack (most recent call first):
[2.304s]   /usr/lib/x86_64-linux-gnu/cmake/pcl/PCLConfig.cmake:616 (find_package_handle_standard_args)
[2.304s]   CMakeLists.txt:27 (find_package)
[2.304s] This warning is for project developers.  Use -Wno-dev to suppress it.
[2.304s] [0m
[2.304s] -- Found PCL_TRACKING: /usr/lib/x86_64-linux-gnu/libpcl_tracking.so  
[2.304s] -- looking for PCL_RECOGNITION
[2.305s] [33mCMake Warning (dev) at /home/winter24/.local/lib/python3.8/site-packages/cmake/data/share/cmake-3.27/Modules/FindPackageHandleStandardArgs.cmake:438 (message):
[2.305s]   The package name passed to `find_package_handle_standard_args`
[2.305s]   (PCL_RECOGNITION) does not match the name of the calling package (PCL).
[2.305s]   This can lead to problems in calling code that expects `find_package`
[2.305s]   result variables (e.g., `_FOUND`) to follow a certain pattern.
[2.305s] Call Stack (most recent call first):
[2.305s]   /usr/lib/x86_64-linux-gnu/cmake/pcl/PCLConfig.cmake:616 (find_package_handle_standard_args)
[2.305s]   CMakeLists.txt:27 (find_package)
[2.305s] This warning is for project developers.  Use -Wno-dev to suppress it.
[2.305s] [0m
[2.305s] -- Found PCL_RECOGNITION: /usr/lib/x86_64-linux-gnu/libpcl_recognition.so  
[2.305s] -- looking for PCL_STEREO
[2.306s] [33mCMake Warning (dev) at /home/winter24/.local/lib/python3.8/site-packages/cmake/data/share/cmake-3.27/Modules/FindPackageHandleStandardArgs.cmake:438 (message):
[2.306s]   The package name passed to `find_package_handle_standard_args` (PCL_STEREO)
[2.306s]   does not match the name of the calling package (PCL).  This can lead to
[2.306s]   problems in calling code that expects `find_package` result variables
[2.306s]   (e.g., `_FOUND`) to follow a certain pattern.
[2.306s] Call Stack (most recent call first):
[2.306s]   /usr/lib/x86_64-linux-gnu/cmake/pcl/PCLConfig.cmake:616 (find_package_handle_standard_args)
[2.306s]   CMakeLists.txt:27 (find_package)
[2.306s] This warning is for project developers.  Use -Wno-dev to suppress it.
[2.306s] [0m
[2.306s] -- Found PCL_STEREO: /usr/lib/x86_64-linux-gnu/libpcl_stereo.so  
[2.306s] -- looking for PCL_APPS
[2.307s] [33mCMake Warning (dev) at /home/winter24/.local/lib/python3.8/site-packages/cmake/data/share/cmake-3.27/Modules/FindPackageHandleStandardArgs.cmake:438 (message):
[2.307s]   The package name passed to `find_package_handle_standard_args` (PCL_APPS)
[2.307s]   does not match the name of the calling package (PCL).  This can lead to
[2.307s]   problems in calling code that expects `find_package` result variables
[2.307s]   (e.g., `_FOUND`) to follow a certain pattern.
[2.307s] Call Stack (most recent call first):
[2.307s]   /usr/lib/x86_64-linux-gnu/cmake/pcl/PCLConfig.cmake:616 (find_package_handle_standard_args)
[2.307s]   CMakeLists.txt:27 (find_package)
[2.307s] This warning is for project developers.  Use -Wno-dev to suppress it.
[2.307s] [0m
[2.307s] -- Found PCL_APPS: /usr/lib/x86_64-linux-gnu/libpcl_apps.so  
[2.307s] -- looking for PCL_IN_HAND_SCANNER
[2.307s] [33mCMake Warning (dev) at /home/winter24/.local/lib/python3.8/site-packages/cmake/data/share/cmake-3.27/Modules/FindPackageHandleStandardArgs.cmake:438 (message):
[2.308s]   The package name passed to `find_package_handle_standard_args`
[2.308s]   (PCL_IN_HAND_SCANNER) does not match the name of the calling package (PCL).
[2.308s]   This can lead to problems in calling code that expects `find_package`
[2.308s]   result variables (e.g., `_FOUND`) to follow a certain pattern.
[2.308s] Call Stack (most recent call first):
[2.308s]   /usr/lib/x86_64-linux-gnu/cmake/pcl/PCLConfig.cmake:619 (find_package_handle_standard_args)
[2.308s]   CMakeLists.txt:27 (find_package)
[2.308s] This warning is for project developers.  Use -Wno-dev to suppress it.
[2.308s] [0m
[2.308s] -- Found PCL_IN_HAND_SCANNER: /usr/include/pcl-1.10  
[2.308s] -- looking for PCL_POINT_CLOUD_EDITOR
[2.309s] [33mCMake Warning (dev) at /home/winter24/.local/lib/python3.8/site-packages/cmake/data/share/cmake-3.27/Modules/FindPackageHandleStandardArgs.cmake:438 (message):
[2.309s]   The package name passed to `find_package_handle_standard_args`
[2.309s]   (PCL_POINT_CLOUD_EDITOR) does not match the name of the calling package
[2.309s]   (PCL).  This can lead to problems in calling code that expects
[2.309s]   `find_package` result variables (e.g., `_FOUND`) to follow a certain
[2.309s]   pattern.
[2.309s] Call Stack (most recent call first):
[2.309s]   /usr/lib/x86_64-linux-gnu/cmake/pcl/PCLConfig.cmake:619 (find_package_handle_standard_args)
[2.309s]   CMakeLists.txt:27 (find_package)
[2.309s] This warning is for project developers.  Use -Wno-dev to suppress it.
[2.309s] [0m
[2.309s] -- Found PCL_POINT_CLOUD_EDITOR: /usr/include/pcl-1.10  
[2.309s] -- looking for PCL_OUTOFCORE
[2.309s] [33mCMake Warning (dev) at /home/winter24/.local/lib/python3.8/site-packages/cmake/data/share/cmake-3.27/Modules/FindPackageHandleStandardArgs.cmake:438 (message):
[2.310s]   The package name passed to `find_package_handle_standard_args`
[2.310s]   (PCL_OUTOFCORE) does not match the name of the calling package (PCL).  This
[2.310s]   can lead to problems in calling code that expects `find_package` result
[2.310s]   variables (e.g., `_FOUND`) to follow a certain pattern.
[2.310s] Call Stack (most recent call first):
[2.310s]   /usr/lib/x86_64-linux-gnu/cmake/pcl/PCLConfig.cmake:616 (find_package_handle_standard_args)
[2.310s]   CMakeLists.txt:27 (find_package)
[2.310s] This warning is for project developers.  Use -Wno-dev to suppress it.
[2.310s] [0m
[2.310s] -- Found PCL_OUTOFCORE: /usr/lib/x86_64-linux-gnu/libpcl_outofcore.so  
[2.310s] -- looking for PCL_PEOPLE
[2.310s] [33mCMake Warning (dev) at /home/winter24/.local/lib/python3.8/site-packages/cmake/data/share/cmake-3.27/Modules/FindPackageHandleStandardArgs.cmake:438 (message):
[2.311s]   The package name passed to `find_package_handle_standard_args` (PCL_PEOPLE)
[2.311s]   does not match the name of the calling package (PCL).  This can lead to
[2.311s]   problems in calling code that expects `find_package` result variables
[2.311s]   (e.g., `_FOUND`) to follow a certain pattern.
[2.311s] Call Stack (most recent call first):
[2.311s]   /usr/lib/x86_64-linux-gnu/cmake/pcl/PCLConfig.cmake:616 (find_package_handle_standard_args)
[2.311s]   CMakeLists.txt:27 (find_package)
[2.311s] This warning is for project developers.  Use -Wno-dev to suppress it.
[2.311s] [0m
[2.311s] -- Found PCL_PEOPLE: /usr/lib/x86_64-linux-gnu/libpcl_people.so  
[2.311s] -- Found PCL: pcl_common;pcl_kdtree;pcl_octree;pcl_search;pcl_sample_consensus;pcl_filters;pcl_io;pcl_features;pcl_ml;pcl_segmentation;pcl_visualization;pcl_surface;pcl_registration;pcl_keypoints;pcl_tracking;pcl_recognition;pcl_stereo;pcl_apps;pcl_outofcore;pcl_people;/usr/lib/x86_64-linux-gnu/libboost_system.so;/usr/lib/x86_64-linux-gnu/libboost_filesystem.so;/usr/lib/x86_64-linux-gnu/libboost_date_time.so;/usr/lib/x86_64-linux-gnu/libboost_iostreams.so;/usr/lib/x86_64-linux-gnu/libboost_regex.so;optimized;/usr/lib/x86_64-linux-gnu/libqhull.so;debug;/usr/lib/x86_64-linux-gnu/libqhull.so;/usr/lib/libOpenNI.so;/usr/lib/libOpenNI2.so;vtkChartsCore;vtkCommonColor;vtkCommonCore;vtksys;vtkCommonDataModel;vtkCommonMath;vtkCommonMisc;vtkCommonSystem;vtkCommonTransforms;vtkCommonExecutionModel;vtkFiltersGeneral;vtkCommonComputationalGeometry;vtkFiltersCore;vtkInfovisCore;vtkFiltersExtraction;vtkFiltersStatistics;vtkImagingFourier;vtkImagingCore;vtkalglib;vtkRenderingContext2D;vtkRenderingCore;vtkFiltersGeometry;vtkFiltersSources;vtkRenderingFreeType;/usr/lib/x86_64-linux-gnu/libfreetype.so;/usr/lib/x86_64-linux-gnu/libz.so;vtkFiltersModeling;vtkImagingSources;vtkInteractionStyle;vtkInteractionWidgets;vtkFiltersHybrid;vtkImagingColor;vtkImagingGeneral;vtkImagingHybrid;vtkIOImage;vtkDICOMParser;vtkmetaio;/usr/lib/x86_64-linux-gnu/libjpeg.so;/usr/lib/x86_64-linux-gnu/libpng.so;/usr/lib/x86_64-linux-gnu/libtiff.so;vtkRenderingAnnotation;vtkRenderingVolume;vtkIOXML;vtkIOCore;vtkIOXMLParser;/usr/lib/x86_64-linux-gnu/libexpat.so;vtkIOGeometry;vtkIOLegacy;vtkIOPLY;vtkRenderingLOD;vtkViewsContext2D;vtkViewsCore;vtkRenderingContextOpenGL2;vtkRenderingOpenGL2;FLANN::FLANN  
[2.345s] -- Found Boost: /usr/include (found suitable version "1.71.0", minimum required is "1.65") found components: serialization system filesystem thread program_options date_time timer chrono regex atomic 
[2.346s] -- GTSAM include directory:  /usr/lib/cmake/GTSAM/../../../include
[2.350s] -- Found Eigen: /usr/include/eigen3  
[2.350s] -- Eigen found (include: /usr/include/eigen3, version: 3.3.7)
[2.351s] [33mCMake Warning (dev) at /opt/ros/foxy/share/rosidl_adapter/cmake/rosidl_adapt_interfaces.cmake:40 (find_package):
[2.351s]   Policy CMP0148 is not set: The FindPythonInterp and FindPythonLibs modules
[2.351s]   are removed.  Run "cmake --help-policy CMP0148" for policy details.  Use
[2.351s]   the cmake_policy command to set the policy and suppress this warning.
[2.351s] 
[2.351s] Call Stack (most recent call first):
[2.351s]   /opt/ros/foxy/share/rosidl_cmake/cmake/rosidl_generate_interfaces.cmake:130 (rosidl_adapt_interfaces)
[2.351s]   CMakeLists.txt:35 (rosidl_generate_interfaces)
[2.351s] This warning is for project developers.  Use -Wno-dev to suppress it.
[2.351s] [0m
[2.364s] -- Found PythonInterp: /usr/bin/python3 (found version "3.8.10") 
[2.487s] -- Found ament_cmake_ros: 0.9.2 (/opt/ros/foxy/share/ament_cmake_ros/cmake)
[2.680s] -- Using all available rosidl_typesupport_c: rosidl_typesupport_fastrtps_c;rosidl_typesupport_introspection_c
[2.771s] -- Using all available rosidl_typesupport_cpp: rosidl_typesupport_fastrtps_cpp;rosidl_typesupport_introspection_cpp
[2.776s] [33mCMake Warning (dev) at /opt/ros/foxy/share/rosidl_generator_py/cmake/rosidl_generator_py_generate_interfaces.cmake:20 (find_package):
[2.776s]   Policy CMP0148 is not set: The FindPythonInterp and FindPythonLibs modules
[2.776s]   are removed.  Run "cmake --help-policy CMP0148" for policy details.  Use
[2.776s]   the cmake_policy command to set the policy and suppress this warning.
[2.776s] 
[2.776s] Call Stack (most recent call first):
[2.776s]   /opt/ros/foxy/share/ament_cmake_core/cmake/core/ament_execute_extensions.cmake:48 (include)
[2.776s]   /opt/ros/foxy/share/rosidl_cmake/cmake/rosidl_generate_interfaces.cmake:286 (ament_execute_extensions)
[2.776s]   CMakeLists.txt:35 (rosidl_generate_interfaces)
[2.776s] This warning is for project developers.  Use -Wno-dev to suppress it.
[2.776s] [0m
[2.789s] -- Found PythonInterp: /usr/bin/python3 (found suitable version "3.8.10", minimum required is "3.5") 
[2.790s] -- Found python_cmake_module: 0.8.1 (/opt/ros/foxy/share/python_cmake_module/cmake)
[2.791s] [33mCMake Warning (dev) at /opt/ros/foxy/share/python_cmake_module/cmake/Modules/FindPythonExtra.cmake:45 (find_package):
[2.791s]   Policy CMP0148 is not set: The FindPythonInterp and FindPythonLibs modules
[2.791s]   are removed.  Run "cmake --help-policy CMP0148" for policy details.  Use
[2.791s]   the cmake_policy command to set the policy and suppress this warning.
[2.791s] 
[2.791s] Call Stack (most recent call first):
[2.791s]   /opt/ros/foxy/share/rosidl_generator_py/cmake/rosidl_generator_py_generate_interfaces.cmake:23 (find_package)
[2.791s]   /opt/ros/foxy/share/ament_cmake_core/cmake/core/ament_execute_extensions.cmake:48 (include)
[2.791s]   /opt/ros/foxy/share/rosidl_cmake/cmake/rosidl_generate_interfaces.cmake:286 (ament_execute_extensions)
[2.791s]   CMakeLists.txt:35 (rosidl_generate_interfaces)
[2.791s] This warning is for project developers.  Use -Wno-dev to suppress it.
[2.791s] [0m
[2.804s] [33mCMake Warning (dev) at /opt/ros/foxy/share/python_cmake_module/cmake/Modules/FindPythonExtra.cmake:133 (find_package):
[2.804s]   Policy CMP0148 is not set: The FindPythonInterp and FindPythonLibs modules
[2.804s]   are removed.  Run "cmake --help-policy CMP0148" for policy details.  Use
[2.804s]   the cmake_policy command to set the policy and suppress this warning.
[2.804s] 
[2.804s] Call Stack (most recent call first):
[2.804s]   /opt/ros/foxy/share/rosidl_generator_py/cmake/rosidl_generator_py_generate_interfaces.cmake:23 (find_package)
[2.804s]   /opt/ros/foxy/share/ament_cmake_core/cmake/core/ament_execute_extensions.cmake:48 (include)
[2.804s]   /opt/ros/foxy/share/rosidl_cmake/cmake/rosidl_generate_interfaces.cmake:286 (ament_execute_extensions)
[2.804s]   CMakeLists.txt:35 (rosidl_generate_interfaces)
[2.804s] This warning is for project developers.  Use -Wno-dev to suppress it.
[2.804s] [0m
[2.810s] -- Found PythonLibs: /usr/lib/x86_64-linux-gnu/libpython3.8.so (found suitable version "3.8.10", minimum required is "3.5") 
[2.810s] -- Using PYTHON_EXECUTABLE: /usr/bin/python3
[2.810s] -- Using PYTHON_INCLUDE_DIRS: /usr/include/python3.8
[2.810s] -- Using PYTHON_LIBRARIES: /usr/lib/x86_64-linux-gnu/libpython3.8.so
[2.825s] -- Found PythonExtra: .so  
[2.995s] -- Found ament_lint_auto: 0.9.8 (/opt/ros/foxy/share/ament_lint_auto/cmake)
[3.016s] -- Added test 'copyright' to check source files copyright and LICENSE
[3.018s] -- Added test 'cppcheck' to perform static code analysis on C / C++ code
[3.020s] -- Configured cppcheck include dirs: /home/winter24/gcamp_ros2_ws/LIO-SAM-ros2/include/lio_sam
[3.020s] -- Configured cppcheck exclude dirs and/or files: 
[3.021s] -- Added test 'cpplint' to check C / C++ code against the Google style
[3.021s] -- Configured cpplint exclude dirs and/or files: 
[3.022s] -- Added test 'flake8' to check Python code syntax and style conventions
[3.022s] -- Added test 'lint_cmake' to check CMake code style
[3.023s] -- Added test 'pep257' to check Python code against some of the style conventions in PEP 257
[3.024s] -- Added test 'uncrustify' to check C / C++ code style
[3.024s] -- Configured uncrustify additional arguments: 
[3.025s] -- Added test 'xmllint' to check XML markup files
[3.027s] -- Configuring done (2.7s)
[3.125s] -- Generating done (0.1s)
[3.128s] -- Build files have been written to: /home/winter24/gcamp_ros2_ws/build/lio_sam
[3.140s] Invoked command in '/home/winter24/gcamp_ros2_ws/build/lio_sam' returned '0': CMAKE_PREFIX_PATH=${CMAKE_PREFIX_PATH}:/home/winter24/gcamp_ros2_ws/install/yolov8_ros:/home/winter24/gcamp_ros2_ws/install/tf2_web_republisher_py:/home/winter24/gcamp_ros2_ws/install/ball_tracker:/opt/ros/foxy /home/winter24/.local/bin/cmake /home/winter24/gcamp_ros2_ws/LIO-SAM-ros2 -DCMAKE_INSTALL_PREFIX=/home/winter24/gcamp_ros2_ws/install/lio_sam
[3.143s] Invoking command in '/home/winter24/gcamp_ros2_ws/build/lio_sam': CMAKE_PREFIX_PATH=${CMAKE_PREFIX_PATH}:/home/winter24/gcamp_ros2_ws/install/yolov8_ros:/home/winter24/gcamp_ros2_ws/install/tf2_web_republisher_py:/home/winter24/gcamp_ros2_ws/install/ball_tracker:/opt/ros/foxy /home/winter24/.local/bin/cmake --build /home/winter24/gcamp_ros2_ws/build/lio_sam -- -j16 -l16
[3.170s] [  2%] [34m[1mGenerating C code for ROS interfaces[0m
[3.173s] [  4%] [34m[1mGenerating C++ code for ROS interfaces[0m
[3.365s] [  4%] Built target lio_sam__cpp
[3.367s] [  6%] [34m[1mGenerating C++ type support dispatch for ROS interfaces[0m
[3.368s] [  8%] [34m[1mGenerating C++ type support for eProsima Fast-RTPS[0m
[3.368s] [ 10%] [34m[1mGenerating C++ introspection for ROS interfaces[0m
[3.374s] [ 14%] [32mBuilding C object CMakeFiles/lio_sam__rosidl_generator_c.dir/rosidl_generator_c/lio_sam/msg/detail/cloud_info__functions.c.o[0m
[3.374s] [ 14%] [32mBuilding C object CMakeFiles/lio_sam__rosidl_generator_c.dir/rosidl_generator_c/lio_sam/srv/detail/save_map__functions.c.o[0m
[3.459s] [ 17%] [32m[1mLinking C shared library liblio_sam__rosidl_generator_c.so[0m
[3.477s] [ 17%] Built target lio_sam__rosidl_generator_c
[3.480s] [ 19%] [34m[1mGenerating C introspection for ROS interfaces[0m
[3.481s] [ 21%] [34m[1mGenerating C type support dispatch for ROS interfaces[0m
[3.540s] [ 23%] [32mBuilding CXX object CMakeFiles/lio_sam__rosidl_typesupport_cpp.dir/rosidl_typesupport_cpp/lio_sam/msg/cloud_info__type_support.cpp.o[0m
[3.541s] [ 25%] [32mBuilding CXX object CMakeFiles/lio_sam__rosidl_typesupport_cpp.dir/rosidl_typesupport_cpp/lio_sam/srv/save_map__type_support.cpp.o[0m
[3.586s] [ 27%] [32mBuilding CXX object CMakeFiles/lio_sam__rosidl_typesupport_introspection_cpp.dir/rosidl_typesupport_introspection_cpp/lio_sam/srv/detail/save_map__type_support.cpp.o[0m
[3.587s] [ 29%] [32mBuilding CXX object CMakeFiles/lio_sam__rosidl_typesupport_introspection_cpp.dir/rosidl_typesupport_introspection_cpp/lio_sam/msg/detail/cloud_info__type_support.cpp.o[0m
[3.592s] [ 31%] [32mBuilding CXX object CMakeFiles/lio_sam__rosidl_typesupport_fastrtps_cpp.dir/rosidl_typesupport_fastrtps_cpp/lio_sam/msg/detail/dds_fastrtps/cloud_info__type_support.cpp.o[0m
[3.593s] [ 34%] [32mBuilding CXX object CMakeFiles/lio_sam__rosidl_typesupport_fastrtps_cpp.dir/rosidl_typesupport_fastrtps_cpp/lio_sam/srv/detail/dds_fastrtps/save_map__type_support.cpp.o[0m
[3.670s] [ 36%] [32mBuilding CXX object CMakeFiles/lio_sam__rosidl_typesupport_c.dir/rosidl_typesupport_c/lio_sam/msg/cloud_info__type_support.cpp.o[0m
[3.671s] [ 38%] [32mBuilding CXX object CMakeFiles/lio_sam__rosidl_typesupport_c.dir/rosidl_typesupport_c/lio_sam/srv/save_map__type_support.cpp.o[0m
[3.672s] [ 40%] [32mBuilding C object CMakeFiles/lio_sam__rosidl_typesupport_introspection_c.dir/rosidl_typesupport_introspection_c/lio_sam/msg/detail/cloud_info__type_support.c.o[0m
[3.673s] [ 42%] [32mBuilding C object CMakeFiles/lio_sam__rosidl_typesupport_introspection_c.dir/rosidl_typesupport_introspection_c/lio_sam/srv/detail/save_map__type_support.c.o[0m
[3.699s] [ 44%] [32m[1mLinking CXX shared library liblio_sam__rosidl_typesupport_c.so[0m
[3.712s] [ 46%] [32m[1mLinking C shared library liblio_sam__rosidl_typesupport_introspection_c.so[0m
[3.720s] [ 46%] Built target lio_sam__rosidl_typesupport_c
[3.727s] [ 46%] Built target lio_sam__rosidl_typesupport_introspection_c
[3.818s] [ 48%] [32m[1mLinking CXX shared library liblio_sam__rosidl_typesupport_cpp.so[0m
[3.836s] [ 48%] Built target lio_sam__rosidl_typesupport_cpp
[3.845s] [ 51%] [32m[1mLinking CXX shared library liblio_sam__rosidl_typesupport_introspection_cpp.so[0m
[3.882s] [ 51%] Built target lio_sam__rosidl_typesupport_introspection_cpp
[3.927s] [ 53%] [32m[1mLinking CXX shared library liblio_sam__rosidl_typesupport_fastrtps_cpp.so[0m
[3.971s] [ 53%] Built target lio_sam__rosidl_typesupport_fastrtps_cpp
[3.974s] [ 55%] [34m[1mGenerating C type support for eProsima Fast-RTPS[0m
[4.157s] [ 57%] [32mBuilding CXX object CMakeFiles/lio_sam__rosidl_typesupport_fastrtps_c.dir/rosidl_typesupport_fastrtps_c/lio_sam/msg/detail/cloud_info__type_support_c.cpp.o[0m
[4.157s] [ 59%] [32mBuilding CXX object CMakeFiles/lio_sam__rosidl_typesupport_fastrtps_c.dir/rosidl_typesupport_fastrtps_c/lio_sam/srv/detail/save_map__type_support_c.cpp.o[0m
[4.355s] [ 61%] [32m[1mLinking CXX shared library liblio_sam__rosidl_typesupport_fastrtps_c.so[0m
[4.399s] [ 61%] Built target lio_sam__rosidl_typesupport_fastrtps_c
[4.405s] [ 61%] Built target lio_sam
[4.410s] [ 63%] [34m[1mGenerating Python code for ROS interfaces[0m
[4.410s] [ 65%] [32mBuilding CXX object CMakeFiles/lio_sam_featureExtraction.dir/src/featureExtraction.cpp.o[0m
[4.410s] [ 68%] [32mBuilding CXX object CMakeFiles/lio_sam_imageProjection.dir/src/imageProjection.cpp.o[0m
[4.411s] [ 70%] [32mBuilding CXX object CMakeFiles/lio_sam_imuPreintegration.dir/src/imuPreintegration.cpp.o[0m
[4.413s] [ 72%] [32mBuilding CXX object CMakeFiles/lio_sam_mapOptimization.dir/src/mapOptmization.cpp.o[0m
[4.804s] [ 72%] Built target lio_sam__py
[4.810s] [ 74%] [32mBuilding C object CMakeFiles/lio_sam__python.dir/rosidl_generator_py/lio_sam/msg/_cloud_info_s.c.o[0m
[4.810s] [ 76%] [32mBuilding C object CMakeFiles/lio_sam__python.dir/rosidl_generator_py/lio_sam/srv/_save_map_s.c.o[0m
[4.952s] [ 78%] [32m[1mLinking C shared library rosidl_generator_py/lio_sam/liblio_sam__python.so[0m
[4.973s] [ 78%] Built target lio_sam__python
[4.978s] [ 80%] [32mBuilding C object CMakeFiles/lio_sam__rosidl_typesupport_fastrtps_c__pyext.dir/rosidl_generator_py/lio_sam/_lio_sam_s.ep.rosidl_typesupport_fastrtps_c.c.o[0m
[4.981s] [ 82%] [32mBuilding C object CMakeFiles/lio_sam__rosidl_typesupport_c__pyext.dir/rosidl_generator_py/lio_sam/_lio_sam_s.ep.rosidl_typesupport_c.c.o[0m
[4.981s] [ 85%] [32mBuilding C object CMakeFiles/lio_sam__rosidl_typesupport_introspection_c__pyext.dir/rosidl_generator_py/lio_sam/_lio_sam_s.ep.rosidl_typesupport_introspection_c.c.o[0m
[5.046s] [ 87%] [32m[1mLinking CXX shared library rosidl_generator_py/lio_sam/lio_sam_s__rosidl_typesupport_fastrtps_c.cpython-38-x86_64-linux-gnu.so[0m
[5.081s] [ 87%] Built target lio_sam__rosidl_typesupport_fastrtps_c__pyext
[5.088s] [ 89%] [32m[1mLinking C shared library rosidl_generator_py/lio_sam/lio_sam_s__rosidl_typesupport_introspection_c.cpython-38-x86_64-linux-gnu.so[0m
[5.089s] [ 91%] [32m[1mLinking C shared library rosidl_generator_py/lio_sam/lio_sam_s__rosidl_typesupport_c.cpython-38-x86_64-linux-gnu.so[0m
[5.104s] [ 91%] Built target lio_sam__rosidl_typesupport_introspection_c__pyext
[5.112s] [ 91%] Built target lio_sam__rosidl_typesupport_c__pyext
[9.151s] In file included from [01m[K/usr/include/boost/preprocessor/tuple/elem.hpp:23[m[K,
[9.151s]                  from [01m[K/usr/include/boost/preprocessor/arithmetic/add.hpp:21[m[K,
[9.151s]                  from [01m[K/usr/include/boost/mpl/aux_/preprocessor/def_params_tail.hpp:66[m[K,
[9.151s]                  from [01m[K/usr/include/boost/mpl/aux_/na_spec.hpp:28[m[K,
[9.151s]                  from [01m[K/usr/include/boost/mpl/not.hpp:20[m[K,
[9.151s]                  from [01m[K/usr/include/boost/mpl/assert.hpp:17[m[K,
[9.151s]                  from [01m[K/usr/include/pcl-1.10/pcl/point_traits.h:48[m[K,
[9.151s]                  from [01m[K/usr/include/pcl-1.10/pcl/point_cloud.h:50[m[K,
[9.151s]                  from [01m[K/usr/include/pcl-1.10/pcl/kdtree/kdtree.h:43[m[K,
[9.151s]                  from [01m[K/usr/include/pcl-1.10/pcl/kdtree/kdtree_flann.h:43[m[K,
[9.151s]                  from [01m[K/home/winter24/gcamp_ros2_ws/LIO-SAM-ros2/include/lio_sam/utility.hpp:21[m[K,
[9.151s]                  from [01m[K/home/winter24/gcamp_ros2_ws/LIO-SAM-ros2/src/imageProjection.cpp:1[m[K:
[9.151s] [01m[K/home/winter24/gcamp_ros2_ws/LIO-SAM-ros2/src/imageProjection.cpp:14:6:[m[K [01;35m[Kwarning: [m[K‘[01m[Kusing uint16_t = uint16_t[m[K’ is deprecated: use std::uint16_t instead of pcl::uint16_t [[01;35m[K-Wdeprecated-declarations[m[K]
[9.151s]    14 |     ([01;35m[Kuint16_t[m[K, ring, ring) (float, time, time)
[9.151s]       |      [01;35m[K^~~~~~~~[m[K
[9.151s] In file included from [01m[K/usr/include/pcl-1.10/pcl/kdtree/kdtree.h:42[m[K,
[9.151s]                  from [01m[K/usr/include/pcl-1.10/pcl/kdtree/kdtree_flann.h:43[m[K,
[9.151s]                  from [01m[K/home/winter24/gcamp_ros2_ws/LIO-SAM-ros2/include/lio_sam/utility.hpp:21[m[K,
[9.151s]                  from [01m[K/home/winter24/gcamp_ros2_ws/LIO-SAM-ros2/src/imageProjection.cpp:1[m[K:
[9.151s] [01m[K/usr/include/pcl-1.10/pcl/pcl_macros.h:94:9:[m[K [01;36m[Knote: [m[Kdeclared here
[9.151s]    94 |   using [01;36m[Kuint16_t[m[K [[deprecated("use std::uint16_t instead of pcl::uint16_t")]] = std::uint16_t;
[9.151s]       |         [01;36m[K^~~~~~~~[m[K
[9.155s] In file included from [01m[K/usr/include/boost/preprocessor/tuple/elem.hpp:23[m[K,
[9.155s]                  from [01m[K/usr/include/boost/preprocessor/arithmetic/add.hpp:21[m[K,
[9.155s]                  from [01m[K/usr/include/boost/mpl/aux_/preprocessor/def_params_tail.hpp:66[m[K,
[9.156s]                  from [01m[K/usr/include/boost/mpl/aux_/na_spec.hpp:28[m[K,
[9.156s]                  from [01m[K/usr/include/boost/mpl/not.hpp:20[m[K,
[9.156s]                  from [01m[K/usr/include/boost/mpl/assert.hpp:17[m[K,
[9.156s]                  from [01m[K/usr/include/pcl-1.10/pcl/point_traits.h:48[m[K,
[9.156s]                  from [01m[K/usr/include/pcl-1.10/pcl/point_cloud.h:50[m[K,
[9.156s]                  from [01m[K/usr/include/pcl-1.10/pcl/kdtree/kdtree.h:43[m[K,
[9.156s]                  from [01m[K/usr/include/pcl-1.10/pcl/kdtree/kdtree_flann.h:43[m[K,
[9.156s]                  from [01m[K/home/winter24/gcamp_ros2_ws/LIO-SAM-ros2/include/lio_sam/utility.hpp:21[m[K,
[9.156s]                  from [01m[K/home/winter24/gcamp_ros2_ws/LIO-SAM-ros2/src/imageProjection.cpp:1[m[K:
[9.156s] [01m[K/home/winter24/gcamp_ros2_ws/LIO-SAM-ros2/src/imageProjection.cpp:29:6:[m[K [01;35m[Kwarning: [m[K‘[01m[Kusing uint32_t = uint32_t[m[K’ is deprecated: use std::uint32_t instead of pcl::uint32_t [[01;35m[K-Wdeprecated-declarations[m[K]
[9.156s]    29 |     ([01;35m[Kuint32_t[m[K, t, t) (uint16_t, reflectivity, reflectivity)
[9.156s]       |      [01;35m[K^~~~~~~~[m[K
[9.156s] In file included from [01m[K/usr/include/pcl-1.10/pcl/kdtree/kdtree.h:42[m[K,
[9.156s]                  from [01m[K/usr/include/pcl-1.10/pcl/kdtree/kdtree_flann.h:43[m[K,
[9.156s]                  from [01m[K/home/winter24/gcamp_ros2_ws/LIO-SAM-ros2/include/lio_sam/utility.hpp:21[m[K,
[9.156s]                  from [01m[K/home/winter24/gcamp_ros2_ws/LIO-SAM-ros2/src/imageProjection.cpp:1[m[K:
[9.156s] [01m[K/usr/include/pcl-1.10/pcl/pcl_macros.h:96:9:[m[K [01;36m[Knote: [m[Kdeclared here
[9.156s]    96 |   using [01;36m[Kuint32_t[m[K [[deprecated("use std::uint32_t instead of pcl::uint32_t")]] = std::uint32_t;
[9.156s]       |         [01;36m[K^~~~~~~~[m[K
[9.156s] In file included from [01m[K/usr/include/boost/preprocessor/tuple/elem.hpp:23[m[K,
[9.156s]                  from [01m[K/usr/include/boost/preprocessor/arithmetic/add.hpp:21[m[K,
[9.156s]                  from [01m[K/usr/include/boost/mpl/aux_/preprocessor/def_params_tail.hpp:66[m[K,
[9.156s]                  from [01m[K/usr/include/boost/mpl/aux_/na_spec.hpp:28[m[K,
[9.156s]                  from [01m[K/usr/include/boost/mpl/not.hpp:20[m[K,
[9.156s]                  from [01m[K/usr/include/boost/mpl/assert.hpp:17[m[K,
[9.156s]                  from [01m[K/usr/include/pcl-1.10/pcl/point_traits.h:48[m[K,
[9.156s]                  from [01m[K/usr/include/pcl-1.10/pcl/point_cloud.h:50[m[K,
[9.156s]                  from [01m[K/usr/include/pcl-1.10/pcl/kdtree/kdtree.h:43[m[K,
[9.156s]                  from [01m[K/usr/include/pcl-1.10/pcl/kdtree/kdtree_flann.h:43[m[K,
[9.156s]                  from [01m[K/home/winter24/gcamp_ros2_ws/LIO-SAM-ros2/include/lio_sam/utility.hpp:21[m[K,
[9.156s]                  from [01m[K/home/winter24/gcamp_ros2_ws/LIO-SAM-ros2/src/imageProjection.cpp:1[m[K:
[9.156s] [01m[K/home/winter24/gcamp_ros2_ws/LIO-SAM-ros2/src/imageProjection.cpp:29:23:[m[K [01;35m[Kwarning: [m[K‘[01m[Kusing uint16_t = uint16_t[m[K’ is deprecated: use std::uint16_t instead of pcl::uint16_t [[01;35m[K-Wdeprecated-declarations[m[K]
[9.157s]    29 |     (uint32_t, t, t) ([01;35m[Kuint16_t[m[K, reflectivity, reflectivity)
[9.157s]       |                       [01;35m[K^~~~~~~~[m[K
[9.157s] In file included from [01m[K/usr/include/pcl-1.10/pcl/kdtree/kdtree.h:42[m[K,
[9.157s]                  from [01m[K/usr/include/pcl-1.10/pcl/kdtree/kdtree_flann.h:43[m[K,
[9.157s]                  from [01m[K/home/winter24/gcamp_ros2_ws/LIO-SAM-ros2/include/lio_sam/utility.hpp:21[m[K,
[9.157s]                  from [01m[K/home/winter24/gcamp_ros2_ws/LIO-SAM-ros2/src/imageProjection.cpp:1[m[K:
[9.157s] [01m[K/usr/include/pcl-1.10/pcl/pcl_macros.h:94:9:[m[K [01;36m[Knote: [m[Kdeclared here
[9.157s]    94 |   using [01;36m[Kuint16_t[m[K [[deprecated("use std::uint16_t instead of pcl::uint16_t")]] = std::uint16_t;
[9.157s]       |         [01;36m[K^~~~~~~~[m[K
[9.157s] In file included from [01m[K/usr/include/boost/preprocessor/tuple/elem.hpp:23[m[K,
[9.157s]                  from [01m[K/usr/include/boost/preprocessor/arithmetic/add.hpp:21[m[K,
[9.157s]                  from [01m[K/usr/include/boost/mpl/aux_/preprocessor/def_params_tail.hpp:66[m[K,
[9.157s]                  from [01m[K/usr/include/boost/mpl/aux_/na_spec.hpp:28[m[K,
[9.157s]                  from [01m[K/usr/include/boost/mpl/not.hpp:20[m[K,
[9.157s]                  from [01m[K/usr/include/boost/mpl/assert.hpp:17[m[K,
[9.157s]                  from [01m[K/usr/include/pcl-1.10/pcl/point_traits.h:48[m[K,
[9.157s]                  from [01m[K/usr/include/pcl-1.10/pcl/point_cloud.h:50[m[K,
[9.157s]                  from [01m[K/usr/include/pcl-1.10/pcl/kdtree/kdtree.h:43[m[K,
[9.157s]                  from [01m[K/usr/include/pcl-1.10/pcl/kdtree/kdtree_flann.h:43[m[K,
[9.157s]                  from [01m[K/home/winter24/gcamp_ros2_ws/LIO-SAM-ros2/include/lio_sam/utility.hpp:21[m[K,
[9.157s]                  from [01m[K/home/winter24/gcamp_ros2_ws/LIO-SAM-ros2/src/imageProjection.cpp:1[m[K:
[9.157s] [01m[K/home/winter24/gcamp_ros2_ws/LIO-SAM-ros2/src/imageProjection.cpp:30:6:[m[K [01;35m[Kwarning: [m[K‘[01m[Kusing uint8_t = uint8_t[m[K’ is deprecated: use std::uint8_t instead of pcl::uint8_t [[01;35m[K-Wdeprecated-declarations[m[K]
[9.157s]    30 |     ([01;35m[Kuint8_t[m[K, ring, ring) (uint16_t, noise, noise) (uint32_t, range, range)
[9.157s]       |      [01;35m[K^~~~~~~[m[K
[9.157s] In file included from [01m[K/usr/include/pcl-1.10/pcl/kdtree/kdtree.h:42[m[K,
[9.157s]                  from [01m[K/usr/include/pcl-1.10/pcl/kdtree/kdtree_flann.h:43[m[K,
[9.157s]                  from [01m[K/home/winter24/gcamp_ros2_ws/LIO-SAM-ros2/include/lio_sam/utility.hpp:21[m[K,
[9.157s]                  from [01m[K/home/winter24/gcamp_ros2_ws/LIO-SAM-ros2/src/imageProjection.cpp:1[m[K:
[9.157s] [01m[K/usr/include/pcl-1.10/pcl/pcl_macros.h:92:9:[m[K [01;36m[Knote: [m[Kdeclared here
[9.157s]    92 |   using [01;36m[Kuint8_t[m[K [[deprecated("use std::uint8_t instead of pcl::uint8_t")]] = std::uint8_t;
[9.157s]       |         [01;36m[K^~~~~~~[m[K
[9.157s] In file included from [01m[K/usr/include/boost/preprocessor/tuple/elem.hpp:23[m[K,
[9.157s]                  from [01m[K/usr/include/boost/preprocessor/arithmetic/add.hpp:21[m[K,
[9.157s]                  from [01m[K/usr/include/boost/mpl/aux_/preprocessor/def_params_tail.hpp:66[m[K,
[9.157s]                  from [01m[K/usr/include/boost/mpl/aux_/na_spec.hpp:28[m[K,
[9.157s]                  from [01m[K/usr/include/boost/mpl/not.hpp:20[m[K,
[9.157s]                  from [01m[K/usr/include/boost/mpl/assert.hpp:17[m[K,
[9.157s]                  from [01m[K/usr/include/pcl-1.10/pcl/point_traits.h:48[m[K,
[9.157s]                  from [01m[K/usr/include/pcl-1.10/pcl/point_cloud.h:50[m[K,
[9.158s]                  from [01m[K/usr/include/pcl-1.10/pcl/kdtree/kdtree.h:43[m[K,
[9.158s]                  from [01m[K/usr/include/pcl-1.10/pcl/kdtree/kdtree_flann.h:43[m[K,
[9.158s]                  from [01m[K/home/winter24/gcamp_ros2_ws/LIO-SAM-ros2/include/lio_sam/utility.hpp:21[m[K,
[9.158s]                  from [01m[K/home/winter24/gcamp_ros2_ws/LIO-SAM-ros2/src/imageProjection.cpp:1[m[K:
[9.158s] [01m[K/home/winter24/gcamp_ros2_ws/LIO-SAM-ros2/src/imageProjection.cpp:30:28:[m[K [01;35m[Kwarning: [m[K‘[01m[Kusing uint16_t = uint16_t[m[K’ is deprecated: use std::uint16_t instead of pcl::uint16_t [[01;35m[K-Wdeprecated-declarations[m[K]
[9.158s]    30 |     (uint8_t, ring, ring) ([01;35m[Kuint16_t[m[K, noise, noise) (uint32_t, range, range)
[9.158s]       |                            [01;35m[K^~~~~~~~[m[K
[9.158s] In file included from [01m[K/usr/include/pcl-1.10/pcl/kdtree/kdtree.h:42[m[K,
[9.158s]                  from [01m[K/usr/include/pcl-1.10/pcl/kdtree/kdtree_flann.h:43[m[K,
[9.158s]                  from [01m[K/home/winter24/gcamp_ros2_ws/LIO-SAM-ros2/include/lio_sam/utility.hpp:21[m[K,
[9.158s]                  from [01m[K/home/winter24/gcamp_ros2_ws/LIO-SAM-ros2/src/imageProjection.cpp:1[m[K:
[9.158s] [01m[K/usr/include/pcl-1.10/pcl/pcl_macros.h:94:9:[m[K [01;36m[Knote: [m[Kdeclared here
[9.158s]    94 |   using [01;36m[Kuint16_t[m[K [[deprecated("use std::uint16_t instead of pcl::uint16_t")]] = std::uint16_t;
[9.158s]       |         [01;36m[K^~~~~~~~[m[K
[9.158s] In file included from [01m[K/usr/include/boost/preprocessor/tuple/elem.hpp:23[m[K,
[9.158s]                  from [01m[K/usr/include/boost/preprocessor/arithmetic/add.hpp:21[m[K,
[9.158s]                  from [01m[K/usr/include/boost/mpl/aux_/preprocessor/def_params_tail.hpp:66[m[K,
[9.158s]                  from [01m[K/usr/include/boost/mpl/aux_/na_spec.hpp:28[m[K,
[9.158s]                  from [01m[K/usr/include/boost/mpl/not.hpp:20[m[K,
[9.158s]                  from [01m[K/usr/include/boost/mpl/assert.hpp:17[m[K,
[9.158s]                  from [01m[K/usr/include/pcl-1.10/pcl/point_traits.h:48[m[K,
[9.158s]                  from [01m[K/usr/include/pcl-1.10/pcl/point_cloud.h:50[m[K,
[9.158s]                  from [01m[K/usr/include/pcl-1.10/pcl/kdtree/kdtree.h:43[m[K,
[9.158s]                  from [01m[K/usr/include/pcl-1.10/pcl/kdtree/kdtree_flann.h:43[m[K,
[9.158s]                  from [01m[K/home/winter24/gcamp_ros2_ws/LIO-SAM-ros2/include/lio_sam/utility.hpp:21[m[K,
[9.158s]                  from [01m[K/home/winter24/gcamp_ros2_ws/LIO-SAM-ros2/src/imageProjection.cpp:1[m[K:
[9.158s] [01m[K/home/winter24/gcamp_ros2_ws/LIO-SAM-ros2/src/imageProjection.cpp:30:53:[m[K [01;35m[Kwarning: [m[K‘[01m[Kusing uint32_t = uint32_t[m[K’ is deprecated: use std::uint32_t instead of pcl::uint32_t [[01;35m[K-Wdeprecated-declarations[m[K]
[9.158s]    30 |     (uint8_t, ring, ring) (uint16_t, noise, noise) ([01;35m[Kuint32_t[m[K, range, range)
[9.158s]       |                                                     [01;35m[K^~~~~~~~[m[K
[9.158s] In file included from [01m[K/usr/include/pcl-1.10/pcl/kdtree/kdtree.h:42[m[K,
[9.158s]                  from [01m[K/usr/include/pcl-1.10/pcl/kdtree/kdtree_flann.h:43[m[K,
[9.158s]                  from [01m[K/home/winter24/gcamp_ros2_ws/LIO-SAM-ros2/include/lio_sam/utility.hpp:21[m[K,
[9.158s]                  from [01m[K/home/winter24/gcamp_ros2_ws/LIO-SAM-ros2/src/imageProjection.cpp:1[m[K:
[9.158s] [01m[K/usr/include/pcl-1.10/pcl/pcl_macros.h:96:9:[m[K [01;36m[Knote: [m[Kdeclared here
[9.158s]    96 |   using [01;36m[Kuint32_t[m[K [[deprecated("use std::uint32_t instead of pcl::uint32_t")]] = std::uint32_t;
[9.158s]       |         [01;36m[K^~~~~~~~[m[K
[20.603s] [ 93%] [32m[1mLinking CXX executable lio_sam_featureExtraction[0m
[21.338s] [ 93%] Built target lio_sam_featureExtraction
[23.199s] [ 95%] [32m[1mLinking CXX executable lio_sam_imageProjection[0m
[23.576s] [ 95%] Built target lio_sam_imageProjection
[31.649s] [ 97%] [32m[1mLinking CXX executable lio_sam_imuPreintegration[0m
[32.503s] [ 97%] Built target lio_sam_imuPreintegration
[44.650s] [100%] [32m[1mLinking CXX executable lio_sam_mapOptimization[0m
[45.295s] [100%] Built target lio_sam_mapOptimization
[45.303s] Invoked command in '/home/winter24/gcamp_ros2_ws/build/lio_sam' returned '0': CMAKE_PREFIX_PATH=${CMAKE_PREFIX_PATH}:/home/winter24/gcamp_ros2_ws/install/yolov8_ros:/home/winter24/gcamp_ros2_ws/install/tf2_web_republisher_py:/home/winter24/gcamp_ros2_ws/install/ball_tracker:/opt/ros/foxy /home/winter24/.local/bin/cmake --build /home/winter24/gcamp_ros2_ws/build/lio_sam -- -j16 -l16
[45.378s] Invoking command in '/home/winter24/gcamp_ros2_ws/build/lio_sam': CMAKE_PREFIX_PATH=${CMAKE_PREFIX_PATH}:/home/winter24/gcamp_ros2_ws/install/yolov8_ros:/home/winter24/gcamp_ros2_ws/install/tf2_web_republisher_py:/home/winter24/gcamp_ros2_ws/install/ball_tracker:/opt/ros/foxy /home/winter24/.local/bin/cmake --install /home/winter24/gcamp_ros2_ws/build/lio_sam
[45.399s] -- Install configuration: "Release"
[45.400s] -- Installing: /home/winter24/gcamp_ros2_ws/install/lio_sam/share/ament_index/resource_index/rosidl_interfaces/lio_sam
[45.400s] -- Installing: /home/winter24/gcamp_ros2_ws/install/lio_sam/include/lio_sam
[45.400s] -- Installing: /home/winter24/gcamp_ros2_ws/install/lio_sam/include/lio_sam/srv
[45.400s] -- Installing: /home/winter24/gcamp_ros2_ws/install/lio_sam/include/lio_sam/srv/save_map.h
[45.400s] -- Installing: /home/winter24/gcamp_ros2_ws/install/lio_sam/include/lio_sam/srv/detail
[45.400s] -- Installing: /home/winter24/gcamp_ros2_ws/install/lio_sam/include/lio_sam/srv/detail/save_map__struct.h
[45.400s] -- Installing: /home/winter24/gcamp_ros2_ws/install/lio_sam/include/lio_sam/srv/detail/save_map__functions.c
[45.401s] -- Installing: /home/winter24/gcamp_ros2_ws/install/lio_sam/include/lio_sam/srv/detail/save_map__type_support.h
[45.401s] -- Installing: /home/winter24/gcamp_ros2_ws/install/lio_sam/include/lio_sam/srv/detail/save_map__functions.h
[45.401s] -- Installing: /home/winter24/gcamp_ros2_ws/install/lio_sam/include/lio_sam/msg
[45.401s] -- Installing: /home/winter24/gcamp_ros2_ws/install/lio_sam/include/lio_sam/msg/cloud_info.h
[45.401s] -- Installing: /home/winter24/gcamp_ros2_ws/install/lio_sam/include/lio_sam/msg/rosidl_generator_c__visibility_control.h
[45.401s] -- Installing: /home/winter24/gcamp_ros2_ws/install/lio_sam/include/lio_sam/msg/detail
[45.401s] -- Installing: /home/winter24/gcamp_ros2_ws/install/lio_sam/include/lio_sam/msg/detail/cloud_info__struct.h
[45.402s] -- Installing: /home/winter24/gcamp_ros2_ws/install/lio_sam/include/lio_sam/msg/detail/cloud_info__functions.h
[45.402s] -- Installing: /home/winter24/gcamp_ros2_ws/install/lio_sam/include/lio_sam/msg/detail/cloud_info__type_support.h
[45.402s] -- Installing: /home/winter24/gcamp_ros2_ws/install/lio_sam/include/lio_sam/msg/detail/cloud_info__functions.c
[45.402s] -- Installing: /home/winter24/gcamp_ros2_ws/install/lio_sam/share/lio_sam/environment/library_path.sh
[45.402s] -- Installing: /home/winter24/gcamp_ros2_ws/install/lio_sam/share/lio_sam/environment/library_path.dsv
[45.402s] -- Installing: /home/winter24/gcamp_ros2_ws/install/lio_sam/lib/liblio_sam__rosidl_generator_c.so
[45.402s] -- Set runtime path of "/home/winter24/gcamp_ros2_ws/install/lio_sam/lib/liblio_sam__rosidl_generator_c.so" to ""
[45.402s] -- Up-to-date: /home/winter24/gcamp_ros2_ws/install/lio_sam/include/lio_sam
[45.402s] -- Up-to-date: /home/winter24/gcamp_ros2_ws/install/lio_sam/include/lio_sam/srv
[45.402s] -- Up-to-date: /home/winter24/gcamp_ros2_ws/install/lio_sam/include/lio_sam/srv/detail
[45.402s] -- Installing: /home/winter24/gcamp_ros2_ws/install/lio_sam/include/lio_sam/srv/detail/save_map__rosidl_typesupport_fastrtps_c.h
[45.403s] -- Up-to-date: /home/winter24/gcamp_ros2_ws/install/lio_sam/include/lio_sam/msg
[45.403s] -- Installing: /home/winter24/gcamp_ros2_ws/install/lio_sam/include/lio_sam/msg/rosidl_typesupport_fastrtps_c__visibility_control.h
[45.403s] -- Up-to-date: /home/winter24/gcamp_ros2_ws/install/lio_sam/include/lio_sam/msg/detail
[45.403s] -- Installing: /home/winter24/gcamp_ros2_ws/install/lio_sam/include/lio_sam/msg/detail/cloud_info__rosidl_typesupport_fastrtps_c.h
[45.403s] -- Installing: /home/winter24/gcamp_ros2_ws/install/lio_sam/lib/liblio_sam__rosidl_typesupport_fastrtps_c.so
[45.403s] -- Set runtime path of "/home/winter24/gcamp_ros2_ws/install/lio_sam/lib/liblio_sam__rosidl_typesupport_fastrtps_c.so" to ""
[45.403s] -- Up-to-date: /home/winter24/gcamp_ros2_ws/install/lio_sam/include/lio_sam
[45.403s] -- Up-to-date: /home/winter24/gcamp_ros2_ws/install/lio_sam/include/lio_sam/srv
[45.403s] -- Up-to-date: /home/winter24/gcamp_ros2_ws/install/lio_sam/include/lio_sam/srv/detail
[45.403s] -- Installing: /home/winter24/gcamp_ros2_ws/install/lio_sam/include/lio_sam/srv/detail/save_map__rosidl_typesupport_fastrtps_cpp.hpp
[45.403s] -- Installing: /home/winter24/gcamp_ros2_ws/install/lio_sam/include/lio_sam/srv/detail/dds_fastrtps
[45.403s] -- Up-to-date: /home/winter24/gcamp_ros2_ws/install/lio_sam/include/lio_sam/msg
[45.403s] -- Up-to-date: /home/winter24/gcamp_ros2_ws/install/lio_sam/include/lio_sam/msg/detail
[45.403s] -- Installing: /home/winter24/gcamp_ros2_ws/install/lio_sam/include/lio_sam/msg/detail/dds_fastrtps
[45.403s] -- Installing: /home/winter24/gcamp_ros2_ws/install/lio_sam/include/lio_sam/msg/detail/cloud_info__rosidl_typesupport_fastrtps_cpp.hpp
[45.404s] -- Installing: /home/winter24/gcamp_ros2_ws/install/lio_sam/include/lio_sam/msg/rosidl_typesupport_fastrtps_cpp__visibility_control.h
[45.404s] -- Installing: /home/winter24/gcamp_ros2_ws/install/lio_sam/lib/liblio_sam__rosidl_typesupport_fastrtps_cpp.so
[45.404s] -- Set runtime path of "/home/winter24/gcamp_ros2_ws/install/lio_sam/lib/liblio_sam__rosidl_typesupport_fastrtps_cpp.so" to ""
[45.404s] -- Up-to-date: /home/winter24/gcamp_ros2_ws/install/lio_sam/include/lio_sam
[45.404s] -- Up-to-date: /home/winter24/gcamp_ros2_ws/install/lio_sam/include/lio_sam/srv
[45.404s] -- Up-to-date: /home/winter24/gcamp_ros2_ws/install/lio_sam/include/lio_sam/srv/detail
[45.404s] -- Installing: /home/winter24/gcamp_ros2_ws/install/lio_sam/include/lio_sam/srv/detail/save_map__type_support.c
[45.404s] -- Installing: /home/winter24/gcamp_ros2_ws/install/lio_sam/include/lio_sam/srv/detail/save_map__rosidl_typesupport_introspection_c.h
[45.404s] -- Up-to-date: /home/winter24/gcamp_ros2_ws/install/lio_sam/include/lio_sam/msg
[45.404s] -- Installing: /home/winter24/gcamp_ros2_ws/install/lio_sam/include/lio_sam/msg/rosidl_typesupport_introspection_c__visibility_control.h
[45.404s] -- Up-to-date: /home/winter24/gcamp_ros2_ws/install/lio_sam/include/lio_sam/msg/detail
[45.404s] -- Installing: /home/winter24/gcamp_ros2_ws/install/lio_sam/include/lio_sam/msg/detail/cloud_info__type_support.c
[45.404s] -- Installing: /home/winter24/gcamp_ros2_ws/install/lio_sam/include/lio_sam/msg/detail/cloud_info__rosidl_typesupport_introspection_c.h
[45.404s] -- Installing: /home/winter24/gcamp_ros2_ws/install/lio_sam/lib/liblio_sam__rosidl_typesupport_introspection_c.so
[45.405s] -- Set runtime path of "/home/winter24/gcamp_ros2_ws/install/lio_sam/lib/liblio_sam__rosidl_typesupport_introspection_c.so" to ""
[45.405s] -- Installing: /home/winter24/gcamp_ros2_ws/install/lio_sam/lib/liblio_sam__rosidl_typesupport_c.so
[45.405s] -- Set runtime path of "/home/winter24/gcamp_ros2_ws/install/lio_sam/lib/liblio_sam__rosidl_typesupport_c.so" to ""
[45.405s] -- Up-to-date: /home/winter24/gcamp_ros2_ws/install/lio_sam/include/lio_sam
[45.405s] -- Up-to-date: /home/winter24/gcamp_ros2_ws/install/lio_sam/include/lio_sam/srv
[45.405s] -- Installing: /home/winter24/gcamp_ros2_ws/install/lio_sam/include/lio_sam/srv/save_map.hpp
[45.405s] -- Up-to-date: /home/winter24/gcamp_ros2_ws/install/lio_sam/include/lio_sam/srv/detail
[45.405s] -- Installing: /home/winter24/gcamp_ros2_ws/install/lio_sam/include/lio_sam/srv/detail/save_map__builder.hpp
[45.405s] -- Installing: /home/winter24/gcamp_ros2_ws/install/lio_sam/include/lio_sam/srv/detail/save_map__struct.hpp
[45.405s] -- Installing: /home/winter24/gcamp_ros2_ws/install/lio_sam/include/lio_sam/srv/detail/save_map__traits.hpp
[45.405s] -- Installing: /home/winter24/gcamp_ros2_ws/install/lio_sam/include/lio_sam/srv/detail/save_map__type_support.hpp
[45.405s] -- Up-to-date: /home/winter24/gcamp_ros2_ws/install/lio_sam/include/lio_sam/msg
[45.405s] -- Installing: /home/winter24/gcamp_ros2_ws/install/lio_sam/include/lio_sam/msg/cloud_info.hpp
[45.405s] -- Up-to-date: /home/winter24/gcamp_ros2_ws/install/lio_sam/include/lio_sam/msg/detail
[45.405s] -- Installing: /home/winter24/gcamp_ros2_ws/install/lio_sam/include/lio_sam/msg/detail/cloud_info__builder.hpp
[45.406s] -- Installing: /home/winter24/gcamp_ros2_ws/install/lio_sam/include/lio_sam/msg/detail/cloud_info__struct.hpp
[45.406s] -- Installing: /home/winter24/gcamp_ros2_ws/install/lio_sam/include/lio_sam/msg/detail/cloud_info__type_support.hpp
[45.406s] -- Installing: /home/winter24/gcamp_ros2_ws/install/lio_sam/include/lio_sam/msg/detail/cloud_info__traits.hpp
[45.406s] -- Installing: /home/winter24/gcamp_ros2_ws/install/lio_sam/include/lio_sam/msg/rosidl_generator_cpp__visibility_control.hpp
[45.406s] -- Up-to-date: /home/winter24/gcamp_ros2_ws/install/lio_sam/include/lio_sam
[45.406s] -- Up-to-date: /home/winter24/gcamp_ros2_ws/install/lio_sam/include/lio_sam/srv
[45.406s] -- Up-to-date: /home/winter24/gcamp_ros2_ws/install/lio_sam/include/lio_sam/srv/detail
[45.406s] -- Installing: /home/winter24/gcamp_ros2_ws/install/lio_sam/include/lio_sam/srv/detail/save_map__type_support.cpp
[45.406s] -- Installing: /home/winter24/gcamp_ros2_ws/install/lio_sam/include/lio_sam/srv/detail/save_map__rosidl_typesupport_introspection_cpp.hpp
[45.406s] -- Up-to-date: /home/winter24/gcamp_ros2_ws/install/lio_sam/include/lio_sam/msg
[45.406s] -- Up-to-date: /home/winter24/gcamp_ros2_ws/install/lio_sam/include/lio_sam/msg/detail
[45.406s] -- Installing: /home/winter24/gcamp_ros2_ws/install/lio_sam/include/lio_sam/msg/detail/cloud_info__rosidl_typesupport_introspection_cpp.hpp
[45.406s] -- Installing: /home/winter24/gcamp_ros2_ws/install/lio_sam/include/lio_sam/msg/detail/cloud_info__type_support.cpp
[45.406s] -- Installing: /home/winter24/gcamp_ros2_ws/install/lio_sam/lib/liblio_sam__rosidl_typesupport_introspection_cpp.so
[45.406s] -- Set runtime path of "/home/winter24/gcamp_ros2_ws/install/lio_sam/lib/liblio_sam__rosidl_typesupport_introspection_cpp.so" to ""
[45.406s] -- Installing: /home/winter24/gcamp_ros2_ws/install/lio_sam/lib/liblio_sam__rosidl_typesupport_cpp.so
[45.406s] -- Set runtime path of "/home/winter24/gcamp_ros2_ws/install/lio_sam/lib/liblio_sam__rosidl_typesupport_cpp.so" to ""
[45.406s] -- Installing: /home/winter24/gcamp_ros2_ws/install/lio_sam/share/lio_sam/environment/pythonpath.sh
[45.406s] -- Installing: /home/winter24/gcamp_ros2_ws/install/lio_sam/share/lio_sam/environment/pythonpath.dsv
[45.406s] -- Installing: /home/winter24/gcamp_ros2_ws/install/lio_sam/lib/python3.8/site-packages/lio_sam/__init__.py
[45.425s] Compiling '/home/winter24/gcamp_ros2_ws/install/lio_sam/lib/python3.8/site-packages/lio_sam/__init__.py'...
[45.428s] -- Installing: /home/winter24/gcamp_ros2_ws/install/lio_sam/lib/python3.8/site-packages/lio_sam/msg
[45.428s] -- Installing: /home/winter24/gcamp_ros2_ws/install/lio_sam/lib/python3.8/site-packages/lio_sam/msg/_cloud_info_s.c
[45.429s] -- Installing: /home/winter24/gcamp_ros2_ws/install/lio_sam/lib/python3.8/site-packages/lio_sam/msg/_cloud_info.py
[45.429s] -- Installing: /home/winter24/gcamp_ros2_ws/install/lio_sam/lib/python3.8/site-packages/lio_sam/msg/__init__.py
[45.429s] -- Installing: /home/winter24/gcamp_ros2_ws/install/lio_sam/lib/python3.8/site-packages/lio_sam/srv
[45.429s] -- Installing: /home/winter24/gcamp_ros2_ws/install/lio_sam/lib/python3.8/site-packages/lio_sam/srv/_save_map_s.c
[45.429s] -- Installing: /home/winter24/gcamp_ros2_ws/install/lio_sam/lib/python3.8/site-packages/lio_sam/srv/_save_map.py
[45.429s] -- Installing: /home/winter24/gcamp_ros2_ws/install/lio_sam/lib/python3.8/site-packages/lio_sam/srv/__init__.py
[45.429s] -- Installing: /home/winter24/gcamp_ros2_ws/install/lio_sam/lib/python3.8/site-packages/lio_sam/lio_sam_s__rosidl_typesupport_fastrtps_c.cpython-38-x86_64-linux-gnu.so
[45.429s] -- Set runtime path of "/home/winter24/gcamp_ros2_ws/install/lio_sam/lib/python3.8/site-packages/lio_sam/lio_sam_s__rosidl_typesupport_fastrtps_c.cpython-38-x86_64-linux-gnu.so" to ""
[45.429s] -- Installing: /home/winter24/gcamp_ros2_ws/install/lio_sam/lib/python3.8/site-packages/lio_sam/lio_sam_s__rosidl_typesupport_introspection_c.cpython-38-x86_64-linux-gnu.so
[45.430s] -- Set runtime path of "/home/winter24/gcamp_ros2_ws/install/lio_sam/lib/python3.8/site-packages/lio_sam/lio_sam_s__rosidl_typesupport_introspection_c.cpython-38-x86_64-linux-gnu.so" to ""
[45.430s] -- Installing: /home/winter24/gcamp_ros2_ws/install/lio_sam/lib/python3.8/site-packages/lio_sam/lio_sam_s__rosidl_typesupport_c.cpython-38-x86_64-linux-gnu.so
[45.430s] -- Set runtime path of "/home/winter24/gcamp_ros2_ws/install/lio_sam/lib/python3.8/site-packages/lio_sam/lio_sam_s__rosidl_typesupport_c.cpython-38-x86_64-linux-gnu.so" to ""
[45.430s] -- Installing: /home/winter24/gcamp_ros2_ws/install/lio_sam/lib/liblio_sam__python.so
[45.430s] -- Set runtime path of "/home/winter24/gcamp_ros2_ws/install/lio_sam/lib/liblio_sam__python.so" to ""
[45.431s] -- Installing: /home/winter24/gcamp_ros2_ws/install/lio_sam/share/lio_sam/msg/CloudInfo.idl
[45.431s] -- Installing: /home/winter24/gcamp_ros2_ws/install/lio_sam/share/lio_sam/srv/SaveMap.idl
[45.431s] -- Installing: /home/winter24/gcamp_ros2_ws/install/lio_sam/share/lio_sam/msg/CloudInfo.msg
[45.431s] -- Installing: /home/winter24/gcamp_ros2_ws/install/lio_sam/share/lio_sam/srv/SaveMap.srv
[45.431s] -- Installing: /home/winter24/gcamp_ros2_ws/install/lio_sam/share/lio_sam/srv/SaveMap_Request.msg
[45.432s] -- Installing: /home/winter24/gcamp_ros2_ws/install/lio_sam/share/lio_sam/srv/SaveMap_Response.msg
[45.432s] -- Installing: /home/winter24/gcamp_ros2_ws/install/lio_sam/share/lio_sam//launch
[45.432s] -- Installing: /home/winter24/gcamp_ros2_ws/install/lio_sam/share/lio_sam//launch/run.launch.py
[45.432s] -- Installing: /home/winter24/gcamp_ros2_ws/install/lio_sam/share/lio_sam//config
[45.432s] -- Installing: /home/winter24/gcamp_ros2_ws/install/lio_sam/share/lio_sam//config/params.yaml
[45.432s] -- Installing: /home/winter24/gcamp_ros2_ws/install/lio_sam/share/lio_sam//config/robot.urdf.xacro
[45.433s] -- Installing: /home/winter24/gcamp_ros2_ws/install/lio_sam/share/lio_sam//config/rviz2.rviz
[45.433s] -- Installing: /home/winter24/gcamp_ros2_ws/install/lio_sam/share/lio_sam//config/doc
[45.433s] -- Installing: /home/winter24/gcamp_ros2_ws/install/lio_sam/share/lio_sam//config/doc/device-hand-2.png
[45.433s] -- Installing: /home/winter24/gcamp_ros2_ws/install/lio_sam/share/lio_sam//config/doc/loop-closure.gif
[45.441s] -- Installing: /home/winter24/gcamp_ros2_ws/install/lio_sam/share/lio_sam//config/doc/kitti2bag
[45.441s] -- Installing: /home/winter24/gcamp_ros2_ws/install/lio_sam/share/lio_sam//config/doc/kitti2bag/kitti2bag.py
[45.441s] -- Installing: /home/winter24/gcamp_ros2_ws/install/lio_sam/share/lio_sam//config/doc/kitti2bag/README.md
[45.441s] -- Installing: /home/winter24/gcamp_ros2_ws/install/lio_sam/share/lio_sam//config/doc/kitti-map.png
[45.441s] -- Installing: /home/winter24/gcamp_ros2_ws/install/lio_sam/share/lio_sam//config/doc/device-boat.png
[45.441s] -- Installing: /home/winter24/gcamp_ros2_ws/install/lio_sam/share/lio_sam//config/doc/loop-closure-2.gif
[45.449s] -- Installing: /home/winter24/gcamp_ros2_ws/install/lio_sam/share/lio_sam//config/doc/kitti-demo.gif
[45.454s] -- Installing: /home/winter24/gcamp_ros2_ws/install/lio_sam/share/lio_sam//config/doc/imu-transform.png
[45.455s] -- Installing: /home/winter24/gcamp_ros2_ws/install/lio_sam/share/lio_sam//config/doc/system.png
[45.455s] -- Installing: /home/winter24/gcamp_ros2_ws/install/lio_sam/share/lio_sam//config/doc/ouster-device.jpg
[45.455s] -- Installing: /home/winter24/gcamp_ros2_ws/install/lio_sam/share/lio_sam//config/doc/paper.pdf
[45.458s] -- Installing: /home/winter24/gcamp_ros2_ws/install/lio_sam/share/lio_sam//config/doc/ouster-demo.gif
[45.463s] -- Installing: /home/winter24/gcamp_ros2_ws/install/lio_sam/share/lio_sam//config/doc/device-jackal.png
[45.463s] -- Installing: /home/winter24/gcamp_ros2_ws/install/lio_sam/share/lio_sam//config/doc/imu-debug.gif
[45.465s] -- Installing: /home/winter24/gcamp_ros2_ws/install/lio_sam/share/lio_sam//config/doc/device-hand.png
[45.466s] -- Installing: /home/winter24/gcamp_ros2_ws/install/lio_sam/lib/lio_sam/lio_sam_imageProjection
[45.466s] -- Set runtime path of "/home/winter24/gcamp_ros2_ws/install/lio_sam/lib/lio_sam/lio_sam_imageProjection" to ""
[45.466s] -- Installing: /home/winter24/gcamp_ros2_ws/install/lio_sam/lib/lio_sam/lio_sam_imuPreintegration
[45.467s] -- Set runtime path of "/home/winter24/gcamp_ros2_ws/install/lio_sam/lib/lio_sam/lio_sam_imuPreintegration" to ""
[45.467s] -- Installing: /home/winter24/gcamp_ros2_ws/install/lio_sam/lib/lio_sam/lio_sam_featureExtraction
[45.467s] -- Set runtime path of "/home/winter24/gcamp_ros2_ws/install/lio_sam/lib/lio_sam/lio_sam_featureExtraction" to ""
[45.468s] -- Installing: /home/winter24/gcamp_ros2_ws/install/lio_sam/lib/lio_sam/lio_sam_mapOptimization
[45.469s] -- Set runtime path of "/home/winter24/gcamp_ros2_ws/install/lio_sam/lib/lio_sam/lio_sam_mapOptimization" to ""
[45.469s] -- Up-to-date: /home/winter24/gcamp_ros2_ws/install/lio_sam/include
[45.469s] -- Up-to-date: /home/winter24/gcamp_ros2_ws/install/lio_sam/include/lio_sam
[45.469s] -- Installing: /home/winter24/gcamp_ros2_ws/install/lio_sam/include/lio_sam/utility.hpp
[45.469s] -- Installing: /home/winter24/gcamp_ros2_ws/install/lio_sam/share/ament_index/resource_index/package_run_dependencies/lio_sam
[45.469s] -- Installing: /home/winter24/gcamp_ros2_ws/install/lio_sam/share/ament_index/resource_index/parent_prefix_path/lio_sam
[45.469s] -- Installing: /home/winter24/gcamp_ros2_ws/install/lio_sam/share/lio_sam/environment/ament_prefix_path.sh
[45.469s] -- Installing: /home/winter24/gcamp_ros2_ws/install/lio_sam/share/lio_sam/environment/ament_prefix_path.dsv
[45.470s] -- Installing: /home/winter24/gcamp_ros2_ws/install/lio_sam/share/lio_sam/environment/path.sh
[45.470s] -- Installing: /home/winter24/gcamp_ros2_ws/install/lio_sam/share/lio_sam/environment/path.dsv
[45.470s] -- Installing: /home/winter24/gcamp_ros2_ws/install/lio_sam/share/lio_sam/local_setup.bash
[45.470s] -- Installing: /home/winter24/gcamp_ros2_ws/install/lio_sam/share/lio_sam/local_setup.sh
[45.470s] -- Installing: /home/winter24/gcamp_ros2_ws/install/lio_sam/share/lio_sam/local_setup.zsh
[45.470s] -- Installing: /home/winter24/gcamp_ros2_ws/install/lio_sam/share/lio_sam/local_setup.dsv
[45.470s] -- Installing: /home/winter24/gcamp_ros2_ws/install/lio_sam/share/lio_sam/package.dsv
[45.470s] -- Installing: /home/winter24/gcamp_ros2_ws/install/lio_sam/share/ament_index/resource_index/packages/lio_sam
[45.470s] -- Installing: /home/winter24/gcamp_ros2_ws/install/lio_sam/share/lio_sam/cmake/lio_sam__rosidl_generator_cExport.cmake
[45.470s] -- Installing: /home/winter24/gcamp_ros2_ws/install/lio_sam/share/lio_sam/cmake/lio_sam__rosidl_generator_cExport-release.cmake
[45.470s] -- Installing: /home/winter24/gcamp_ros2_ws/install/lio_sam/share/lio_sam/cmake/lio_sam__rosidl_typesupport_introspection_cExport.cmake
[45.470s] -- Installing: /home/winter24/gcamp_ros2_ws/install/lio_sam/share/lio_sam/cmake/lio_sam__rosidl_typesupport_introspection_cExport-release.cmake
[45.471s] -- Installing: /home/winter24/gcamp_ros2_ws/install/lio_sam/share/lio_sam/cmake/lio_sam__rosidl_typesupport_cExport.cmake
[45.471s] -- Installing: /home/winter24/gcamp_ros2_ws/install/lio_sam/share/lio_sam/cmake/lio_sam__rosidl_typesupport_cExport-release.cmake
[45.471s] -- Installing: /home/winter24/gcamp_ros2_ws/install/lio_sam/share/lio_sam/cmake/lio_sam__rosidl_generator_cppExport.cmake
[45.471s] -- Installing: /home/winter24/gcamp_ros2_ws/install/lio_sam/share/lio_sam/cmake/lio_sam__rosidl_typesupport_introspection_cppExport.cmake
[45.471s] -- Installing: /home/winter24/gcamp_ros2_ws/install/lio_sam/share/lio_sam/cmake/lio_sam__rosidl_typesupport_introspection_cppExport-release.cmake
[45.471s] -- Installing: /home/winter24/gcamp_ros2_ws/install/lio_sam/share/lio_sam/cmake/lio_sam__rosidl_typesupport_cppExport.cmake
[45.471s] -- Installing: /home/winter24/gcamp_ros2_ws/install/lio_sam/share/lio_sam/cmake/lio_sam__rosidl_typesupport_cppExport-release.cmake
[45.471s] -- Installing: /home/winter24/gcamp_ros2_ws/install/lio_sam/share/lio_sam/cmake/rosidl_cmake-extras.cmake
[45.471s] -- Installing: /home/winter24/gcamp_ros2_ws/install/lio_sam/share/lio_sam/cmake/ament_cmake_export_dependencies-extras.cmake
[45.471s] -- Installing: /home/winter24/gcamp_ros2_ws/install/lio_sam/share/lio_sam/cmake/ament_cmake_export_libraries-extras.cmake
[45.471s] -- Installing: /home/winter24/gcamp_ros2_ws/install/lio_sam/share/lio_sam/cmake/ament_cmake_export_targets-extras.cmake
[45.471s] -- Installing: /home/winter24/gcamp_ros2_ws/install/lio_sam/share/lio_sam/cmake/ament_cmake_export_include_directories-extras.cmake
[45.471s] -- Installing: /home/winter24/gcamp_ros2_ws/install/lio_sam/share/lio_sam/cmake/rosidl_cmake_export_typesupport_libraries-extras.cmake
[45.471s] -- Installing: /home/winter24/gcamp_ros2_ws/install/lio_sam/share/lio_sam/cmake/rosidl_cmake_export_typesupport_targets-extras.cmake
[45.472s] -- Installing: /home/winter24/gcamp_ros2_ws/install/lio_sam/share/lio_sam/cmake/lio_samConfig.cmake
[45.472s] -- Installing: /home/winter24/gcamp_ros2_ws/install/lio_sam/share/lio_sam/cmake/lio_samConfig-version.cmake
[45.472s] -- Installing: /home/winter24/gcamp_ros2_ws/install/lio_sam/share/lio_sam/package.xml
[45.475s] Invoked command in '/home/winter24/gcamp_ros2_ws/build/lio_sam' returned '0': CMAKE_PREFIX_PATH=${CMAKE_PREFIX_PATH}:/home/winter24/gcamp_ros2_ws/install/yolov8_ros:/home/winter24/gcamp_ros2_ws/install/tf2_web_republisher_py:/home/winter24/gcamp_ros2_ws/install/ball_tracker:/opt/ros/foxy /home/winter24/.local/bin/cmake --install /home/winter24/gcamp_ros2_ws/build/lio_sam
